Using pre-set license
Built from '2020.2/staging' branch; Version is '2020.2.6f1 (8a2143876886) revision 9052483'; Using compiler version '192528614'; Build Type 'Release'
OS: 'Windows 10 Pro; OS build 19042.1165; Version 2009; 64bit' Language: 'en' Physical Memory: 16319 MB
BatchMode: 1, IsHumanControllingUs: 0, StartBugReporterOnCrash: 0, Is64bit: 1, IsPro: 0

 COMMAND LINE ARGUMENTS:
C:\Program Files\Unity\Hub\Editor\2020.2.6f1\Editor\Unity.exe
-adb2
-batchMode
-noUpm
-name
AssetImportWorker0
-projectPath
D:/Lucas/Unity/PROJETOS/Pessoal/trigo-shooter/2d top down shooter
-logFile
Logs/AssetImportWorker0.log
-srvPort
63831
Successfully changed project path to: D:/Lucas/Unity/PROJETOS/Pessoal/trigo-shooter/2d top down shooter
D:/Lucas/Unity/PROJETOS/Pessoal/trigo-shooter/2d top down shooter
Using Asset Import Pipeline V2.
Refreshing native plugins compatible for Editor in 79.98 ms, found 1 plugins.
Preloading 0 native plugins for Editor in 0.00 ms.
Initialize engine version: 2020.2.6f1 (8a2143876886)
[Subsystems] Discovering subsystems at path C:/Program Files/Unity/Hub/Editor/2020.2.6f1/Editor/Data/Resources/UnitySubsystems
[Subsystems] Discovering subsystems at path D:/Lucas/Unity/PROJETOS/Pessoal/trigo-shooter/2d top down shooter/Assets
GfxDevice: creating device client; threaded=0
Direct3D:
    Version:  Direct3D 11.0 [level 11.1]
    Renderer: NVIDIA GeForce GTX 1660 (ID=0x2184)
    Vendor:   
    VRAM:     5991 MB
    Driver:   27.21.14.5671
Shader 'Universal Render Pipeline/Particles/Lit': fallback shader 'Universal Render Pipeline/Particles/SimpleLit' not found
Initialize mono
Mono path[0] = 'C:/Program Files/Unity/Hub/Editor/2020.2.6f1/Editor/Data/Managed'
Mono path[1] = 'C:/Program Files/Unity/Hub/Editor/2020.2.6f1/Editor/Data/MonoBleedingEdge/lib/mono/unityjit'
Mono config path = 'C:/Program Files/Unity/Hub/Editor/2020.2.6f1/Editor/Data/MonoBleedingEdge/etc'
Using monoOptions --debugger-agent=transport=dt_socket,embedding=1,server=y,suspend=n,address=127.0.0.1:56468
Begin MonoManager ReloadAssembly
Registering precompiled unity dll's ...
Register platform support module: C:/Program Files/Unity/Hub/Editor/2020.2.6f1/Editor/Data/PlaybackEngines/WebGLSupport/UnityEditor.WebGL.Extensions.dll
Register platform support module: C:/Program Files/Unity/Hub/Editor/2020.2.6f1/Editor/Data/PlaybackEngines/WindowsStandaloneSupport/UnityEditor.WindowsStandalone.Extensions.dll
Registered in 0.002384 seconds.
Native extension for WindowsStandalone target not found
Native extension for WebGL target not found
Refreshing native plugins compatible for Editor in 94.99 ms, found 1 plugins.
Preloading 0 native plugins for Editor in 0.00 ms.
Invoked RoslynAnalysisRunner static constructor.
RoslynAnalysisRunner will not be running.
RoslynAnalysisRunner has terminated.
Mono: successfully reloaded assembly
- Completed reload, in  2.234 seconds
Platform modules already initialized, skipping
Registering precompiled user dll's ...
Registered in 0.001023 seconds.
Begin MonoManager ReloadAssembly
Native extension for WindowsStandalone target not found
Native extension for WebGL target not found
Refreshing native plugins compatible for Editor in 98.65 ms, found 1 plugins.
Preloading 0 native plugins for Editor in 0.00 ms.
Invoked RoslynAnalysisRunner static constructor.
RoslynAnalysisRunner will not be running.
RoslynAnalysisRunner has terminated.
Mono: successfully reloaded assembly
- Completed reload, in  1.514 seconds
Platform modules already initialized, skipping
========================================================================
Worker process is ready to serve import requests
Shader 'Universal Render Pipeline/Particles/Lit': fallback shader 'Universal Render Pipeline/Particles/SimpleLit' not found
Launched and connected shader compiler UnityShaderCompiler.exe after 0.12 seconds
Refreshing native plugins compatible for Editor in 1.17 ms, found 1 plugins.
Preloading 0 native plugins for Editor in 0.00 ms.
Unloading 3357 Unused Serialized files (Serialized files now loaded: 0)
System memory in use before: 225.6 MB.
System memory in use after: 225.8 MB.

Unloading 20 unused Assets to reduce memory usage. Loaded Objects now: 3817.
Total: 3.955500 ms (FindLiveObjects: 1.026900 ms CreateObjectMapping: 0.140300 ms MarkObjects: 2.748000 ms  DeleteObjects: 0.038500 ms)

========================================================================
Received Import Request.
  path: Assets/Resources/Weapons/Merged Weapons/BURST BOW pack.prefab
  artifactKey: Guid(0edef914982aaf242a2e7463a0b1d539) Importer(815301076,1909f56bfc062723c751e8b465ee728b)
Start importing Assets/Resources/Weapons/Merged Weapons/BURST BOW pack.prefab using Guid(0edef914982aaf242a2e7463a0b1d539) Importer(815301076,1909f56bfc062723c751e8b465ee728b)  -> (artifact id: '744aae5e3fd0348deb02041659192ab6') in 0.324898 seconds
  Import took 0.339043 seconds .

========================================================================
Received Import Request.
  Time since last request: 0.000322 seconds.
  path: Assets/Resources/Weapons/Merged Weapons/CROSS SHOTGUN pack.prefab
  artifactKey: Guid(c2d69226017a4d8428d0bc04c2e62858) Importer(815301076,1909f56bfc062723c751e8b465ee728b)
Start importing Assets/Resources/Weapons/Merged Weapons/CROSS SHOTGUN pack.prefab using Guid(c2d69226017a4d8428d0bc04c2e62858) Importer(815301076,1909f56bfc062723c751e8b465ee728b)  -> (artifact id: '156800f5c0ca9016e4b508fa7b085ca0') in 0.042556 seconds
  Import took 0.051335 seconds .

========================================================================
Received Import Request.
  Time since last request: 0.000329 seconds.
  path: Assets/Resources/Weapons/Merged Weapons/FIREWORK SHOTGUN pack.prefab
  artifactKey: Guid(255dd2219acd88349ac518ceb8eea5c7) Importer(815301076,1909f56bfc062723c751e8b465ee728b)
Start importing Assets/Resources/Weapons/Merged Weapons/FIREWORK SHOTGUN pack.prefab using Guid(255dd2219acd88349ac518ceb8eea5c7) Importer(815301076,1909f56bfc062723c751e8b465ee728b)  -> (artifact id: '0e7151bd1af1e35692878d349ad310d4') in 0.058242 seconds
  Import took 0.066320 seconds .

========================================================================
Received Import Request.
  Time since last request: 0.000244 seconds.
  path: Assets/Resources/Weapons/Merged Weapons/BURST LAUNCHER pack.prefab
  artifactKey: Guid(e0d7da1d16be7c94e8bf570693177317) Importer(815301076,1909f56bfc062723c751e8b465ee728b)
Start importing Assets/Resources/Weapons/Merged Weapons/BURST LAUNCHER pack.prefab using Guid(e0d7da1d16be7c94e8bf570693177317) Importer(815301076,1909f56bfc062723c751e8b465ee728b)  -> (artifact id: '99c63747c91783cb5c62c859f152dde9') in 0.041601 seconds
  Import took 0.049765 seconds .

========================================================================
Received Import Request.
  Time since last request: 0.000241 seconds.
  path: Assets/Resources/Weapons/Merged Weapons/FLAME AUTO RIFLE pack.prefab
  artifactKey: Guid(182b83653ebb1624f97543482a93c71b) Importer(815301076,1909f56bfc062723c751e8b465ee728b)
Start importing Assets/Resources/Weapons/Merged Weapons/FLAME AUTO RIFLE pack.prefab using Guid(182b83653ebb1624f97543482a93c71b) Importer(815301076,1909f56bfc062723c751e8b465ee728b)  -> (artifact id: 'd7042912caac17b37ec8d4fa3cf5b186') in 0.039536 seconds
  Import took 0.050632 seconds .

========================================================================
Received Import Request.
  Time since last request: 0.000209 seconds.
  path: Assets/Resources/Weapons/Merged Weapons/ICY SNIPER pack.prefab
  artifactKey: Guid(ac9141faaa3382e418741f7467967351) Importer(815301076,1909f56bfc062723c751e8b465ee728b)
Start importing Assets/Resources/Weapons/Merged Weapons/ICY SNIPER pack.prefab using Guid(ac9141faaa3382e418741f7467967351) Importer(815301076,1909f56bfc062723c751e8b465ee728b)  -> (artifact id: '6493a36a39c67232e1f6805b85eaccde') in 0.045498 seconds
  Import took 0.052300 seconds .

========================================================================
Received Import Request.
  Time since last request: 0.000243 seconds.
  path: Assets/Resources/Weapons/Merged Weapons/ICY SHOTGUN pack.prefab
  artifactKey: Guid(32345d417b6431042bfb0c22d499a1c6) Importer(815301076,1909f56bfc062723c751e8b465ee728b)
Start importing Assets/Resources/Weapons/Merged Weapons/ICY SHOTGUN pack.prefab using Guid(32345d417b6431042bfb0c22d499a1c6) Importer(815301076,1909f56bfc062723c751e8b465ee728b)  -> (artifact id: '7538db214c56150ae1c49e9740d34123') in 0.039440 seconds
  Import took 0.047499 seconds .

========================================================================
Received Import Request.
  Time since last request: 0.000243 seconds.
  path: Assets/Scenes/Graveyard 1 Boss.unity
  artifactKey: Guid(56e8a0964a55e684dae3fd80851be173) Importer(815301076,1909f56bfc062723c751e8b465ee728b)
Start importing Assets/Scenes/Graveyard 1 Boss.unity using Guid(56e8a0964a55e684dae3fd80851be173) Importer(815301076,1909f56bfc062723c751e8b465ee728b)  -> (artifact id: '289639e5da80d503400c05b597923baa') in 0.007144 seconds
  Import took 0.014049 seconds .

========================================================================
Received Prepare
Shader 'Universal Render Pipeline/Particles/Lit': fallback shader 'Universal Render Pipeline/Particles/SimpleLit' not found
Refreshing native plugins compatible for Editor in 1.87 ms, found 1 plugins.
Preloading 0 native plugins for Editor in 0.00 ms.
Unloading 7 Unused Serialized files (Serialized files now loaded: 0)
System memory in use before: 158.7 MB.
System memory in use after: 159.0 MB.

Unloading 7 unused Assets to reduce memory usage. Loaded Objects now: 3883.
Total: 3.681700 ms (FindLiveObjects: 0.561100 ms CreateObjectMapping: 0.127900 ms MarkObjects: 2.961700 ms  DeleteObjects: 0.029600 ms)

========================================================================
Received Prepare
Registering precompiled user dll's ...
Registered in 0.002262 seconds.
Begin MonoManager ReloadAssembly
Native extension for WindowsStandalone target not found
Native extension for WebGL target not found
Refreshing native plugins compatible for Editor in 0.72 ms, found 1 plugins.
Preloading 0 native plugins for Editor in 0.00 ms.
Invoked RoslynAnalysisRunner static constructor.
RoslynAnalysisRunner will not be running.
RoslynAnalysisRunner has terminated.
Mono: successfully reloaded assembly
- Completed reload, in  0.934 seconds
Platform modules already initialized, skipping
Shader 'Universal Render Pipeline/Particles/Lit': fallback shader 'Universal Render Pipeline/Particles/SimpleLit' not found
Refreshing native plugins compatible for Editor in 1.43 ms, found 1 plugins.
Preloading 0 native plugins for Editor in 0.00 ms.
Unloading 3200 Unused Serialized files (Serialized files now loaded: 0)
System memory in use before: 221.5 MB.
System memory in use after: 221.8 MB.

Unloading 10 unused Assets to reduce memory usage. Loaded Objects now: 3864.
Total: 5.019100 ms (FindLiveObjects: 1.072900 ms CreateObjectMapping: 0.138800 ms MarkObjects: 3.775300 ms  DeleteObjects: 0.028100 ms)

========================================================================
Received Prepare
Registering precompiled user dll's ...
Registered in 0.001351 seconds.
Begin MonoManager ReloadAssembly
Native extension for WindowsStandalone target not found
Native extension for WebGL target not found
Refreshing native plugins compatible for Editor in 1.96 ms, found 1 plugins.
Preloading 0 native plugins for Editor in 0.00 ms.
Invoked RoslynAnalysisRunner static constructor.
RoslynAnalysisRunner will not be running.
RoslynAnalysisRunner has terminated.
Mono: successfully reloaded assembly
- Completed reload, in  0.897 seconds
Platform modules already initialized, skipping
Shader 'Universal Render Pipeline/Particles/Lit': fallback shader 'Universal Render Pipeline/Particles/SimpleLit' not found
Refreshing native plugins compatible for Editor in 0.80 ms, found 1 plugins.
Preloading 0 native plugins for Editor in 0.00 ms.
Unloading 3201 Unused Serialized files (Serialized files now loaded: 0)
System memory in use before: 221.6 MB.
System memory in use after: 221.9 MB.

Unloading 10 unused Assets to reduce memory usage. Loaded Objects now: 3867.
Total: 6.502600 ms (FindLiveObjects: 1.666500 ms CreateObjectMapping: 0.211900 ms MarkObjects: 4.598800 ms  DeleteObjects: 0.023400 ms)

========================================================================
Received Import Request.
  Time since last request: 134.632438 seconds.
  path: Assets/Scripts/Bosses/General/BossHealth.cs
  artifactKey: Guid(4dd77b5debd74694a836484d41d5321e) Importer(815301076,1909f56bfc062723c751e8b465ee728b)
Start importing Assets/Scripts/Bosses/General/BossHealth.cs using Guid(4dd77b5debd74694a836484d41d5321e) Importer(815301076,1909f56bfc062723c751e8b465ee728b)  -> (artifact id: '817a84e661f2d51013b685f61ecef305') in 0.024329 seconds
  Import took 0.033613 seconds .

========================================================================
Received Prepare
Registering precompiled user dll's ...
Registered in 0.001486 seconds.
Begin MonoManager ReloadAssembly
Native extension for WindowsStandalone target not found
Native extension for WebGL target not found
Refreshing native plugins compatible for Editor in 1.24 ms, found 1 plugins.
Preloading 0 native plugins for Editor in 0.00 ms.
Invoked RoslynAnalysisRunner static constructor.
RoslynAnalysisRunner will not be running.
RoslynAnalysisRunner has terminated.
Mono: successfully reloaded assembly
- Completed reload, in  0.890 seconds
Platform modules already initialized, skipping
Shader 'Universal Render Pipeline/Particles/Lit': fallback shader 'Universal Render Pipeline/Particles/SimpleLit' not found
Refreshing native plugins compatible for Editor in 0.86 ms, found 1 plugins.
Preloading 0 native plugins for Editor in 0.00 ms.
Unloading 3201 Unused Serialized files (Serialized files now loaded: 0)
System memory in use before: 221.7 MB.
System memory in use after: 221.9 MB.

Unloading 10 unused Assets to reduce memory usage. Loaded Objects now: 3869.
Total: 4.013900 ms (FindLiveObjects: 0.641400 ms CreateObjectMapping: 0.124800 ms MarkObjects: 3.222300 ms  DeleteObjects: 0.024100 ms)

========================================================================
Received Prepare
Registering precompiled user dll's ...
Registered in 0.001449 seconds.
Begin MonoManager ReloadAssembly
Native extension for WindowsStandalone target not found
Native extension for WebGL target not found
Refreshing native plugins compatible for Editor in 0.78 ms, found 1 plugins.
Preloading 0 native plugins for Editor in 0.00 ms.
Invoked RoslynAnalysisRunner static constructor.
RoslynAnalysisRunner will not be running.
RoslynAnalysisRunner has terminated.
Mono: successfully reloaded assembly
- Completed reload, in  0.950 seconds
Platform modules already initialized, skipping
Shader 'Universal Render Pipeline/Particles/Lit': fallback shader 'Universal Render Pipeline/Particles/SimpleLit' not found
Refreshing native plugins compatible for Editor in 1.40 ms, found 1 plugins.
Preloading 0 native plugins for Editor in 0.00 ms.
Unloading 3201 Unused Serialized files (Serialized files now loaded: 0)
System memory in use before: 221.7 MB.
System memory in use after: 221.9 MB.

Unloading 10 unused Assets to reduce memory usage. Loaded Objects now: 3871.
Total: 2.887700 ms (FindLiveObjects: 0.456700 ms CreateObjectMapping: 0.084300 ms MarkObjects: 2.325500 ms  DeleteObjects: 0.019500 ms)

========================================================================
Received Prepare
Registering precompiled user dll's ...
Registered in 0.001331 seconds.
Begin MonoManager ReloadAssembly
Native extension for WindowsStandalone target not found
Native extension for WebGL target not found
Refreshing native plugins compatible for Editor in 0.78 ms, found 1 plugins.
Preloading 0 native plugins for Editor in 0.00 ms.
Invoked RoslynAnalysisRunner static constructor.
RoslynAnalysisRunner will not be running.
RoslynAnalysisRunner has terminated.
Mono: successfully reloaded assembly
- Completed reload, in  0.865 seconds
Platform modules already initialized, skipping
Shader 'Universal Render Pipeline/Particles/Lit': fallback shader 'Universal Render Pipeline/Particles/SimpleLit' not found
Refreshing native plugins compatible for Editor in 1.70 ms, found 1 plugins.
Preloading 0 native plugins for Editor in 0.00 ms.
Unloading 3201 Unused Serialized files (Serialized files now loaded: 0)
System memory in use before: 221.7 MB.
System memory in use after: 221.9 MB.

Unloading 10 unused Assets to reduce memory usage. Loaded Objects now: 3873.
Total: 6.436000 ms (FindLiveObjects: 1.100700 ms CreateObjectMapping: 0.130300 ms MarkObjects: 5.173000 ms  DeleteObjects: 0.029800 ms)

========================================================================
Received Import Request.
  Time since last request: 47818.750530 seconds.
  path: Assets/Art/Game/bosses/sskeleton boss
  artifactKey: Guid(3801d3e806b153a4785b7659a6443e7d) Importer(815301076,1909f56bfc062723c751e8b465ee728b)
Start importing Assets/Art/Game/bosses/sskeleton boss using Guid(3801d3e806b153a4785b7659a6443e7d) Importer(815301076,1909f56bfc062723c751e8b465ee728b)  -> (artifact id: '5aaed7c2ab143185f3e187630bf230b2') in 0.090143 seconds
  Import took 0.196587 seconds .

========================================================================
Received Import Request.
  Time since last request: 0.000319 seconds.
  path: Assets/Art/Game/bosses/sskeleton boss/skeleton_raising.png
  artifactKey: Guid(05196b423dfc14c4fb1b69e785ca4979) Importer(815301076,1909f56bfc062723c751e8b465ee728b)
Start importing Assets/Art/Game/bosses/sskeleton boss/skeleton_raising.png using Guid(05196b423dfc14c4fb1b69e785ca4979) Importer(815301076,1909f56bfc062723c751e8b465ee728b)  -> (artifact id: 'beb4df99599937dee6117c7271fc61ff') in 0.232324 seconds
  Import took 0.238484 seconds .

========================================================================
Received Import Request.
  Time since last request: 0.000246 seconds.
  path: Assets/Art/Game/bosses/sskeleton boss/dead_skeleton.png
  artifactKey: Guid(102d5122539c2744898b35cce5d163dd) Importer(815301076,1909f56bfc062723c751e8b465ee728b)
Start importing Assets/Art/Game/bosses/sskeleton boss/dead_skeleton.png using Guid(102d5122539c2744898b35cce5d163dd) Importer(815301076,1909f56bfc062723c751e8b465ee728b)  -> (artifact id: '42dcf94a0bf57465728afc258a5b3b14') in 0.033729 seconds
  Import took 0.040302 seconds .

========================================================================
Received Import Request.
  Time since last request: 0.000279 seconds.
  path: Assets/Art/Game/bosses/sskeleton boss/skeleton_idle.png
  artifactKey: Guid(b8d4afc4a3c904149af571cf329e8704) Importer(815301076,1909f56bfc062723c751e8b465ee728b)
Start importing Assets/Art/Game/bosses/sskeleton boss/skeleton_idle.png using Guid(b8d4afc4a3c904149af571cf329e8704) Importer(815301076,1909f56bfc062723c751e8b465ee728b)  -> (artifact id: '49d556ef72f2c1d04f54ff83df217a90') in 0.045234 seconds
  Import took 0.050781 seconds .

========================================================================
Received Import Request.
  Time since last request: 4.637680 seconds.
  path: Assets/Art/Game/bosses/skeleton boss
  artifactKey: Guid(3801d3e806b153a4785b7659a6443e7d) Importer(815301076,1909f56bfc062723c751e8b465ee728b)
Start importing Assets/Art/Game/bosses/skeleton boss using Guid(3801d3e806b153a4785b7659a6443e7d) Importer(815301076,1909f56bfc062723c751e8b465ee728b)  -> (artifact id: '4cf1b6d97fc732cc3d812b3174a04df5') in 0.009539 seconds
  Import took 0.019498 seconds .

========================================================================
Received Import Request.
  Time since last request: 0.005064 seconds.
  path: Assets/Art/Game/bosses/skeleton boss
  artifactKey: Guid(3801d3e806b153a4785b7659a6443e7d) Importer(815301076,1909f56bfc062723c751e8b465ee728b)
Start importing Assets/Art/Game/bosses/skeleton boss using Guid(3801d3e806b153a4785b7659a6443e7d) Importer(815301076,1909f56bfc062723c751e8b465ee728b)  -> (artifact id: '4cf1b6d97fc732cc3d812b3174a04df5') in 0.001908 seconds
  Import took 0.008578 seconds .

========================================================================
Received Import Request.
  Time since last request: 13.744633 seconds.
  path: Assets/Art/Game/bosses/skeleton boss/dead_skeleton.png
  artifactKey: Guid(102d5122539c2744898b35cce5d163dd) Importer(815301076,1909f56bfc062723c751e8b465ee728b)
Start importing Assets/Art/Game/bosses/skeleton boss/dead_skeleton.png using Guid(102d5122539c2744898b35cce5d163dd) Importer(815301076,1909f56bfc062723c751e8b465ee728b)  -> (artifact id: '11e5f065f8b8ec3853c1138445661992') in 0.016592 seconds
  Import took 0.025512 seconds .

========================================================================
Received Import Request.
  Time since last request: 0.000383 seconds.
  path: Assets/Art/Game/bosses/skeleton boss/skeleton_raising.png
  artifactKey: Guid(05196b423dfc14c4fb1b69e785ca4979) Importer(815301076,1909f56bfc062723c751e8b465ee728b)
Start importing Assets/Art/Game/bosses/skeleton boss/skeleton_raising.png using Guid(05196b423dfc14c4fb1b69e785ca4979) Importer(815301076,1909f56bfc062723c751e8b465ee728b)  -> (artifact id: 'fe99a24b3cb87f0af5244f0ba1931e9a') in 0.013250 seconds
  Import took 0.020168 seconds .

========================================================================
Received Import Request.
  Time since last request: 0.000243 seconds.
  path: Assets/Art/Game/bosses/skeleton boss/skeleton_idle.png
  artifactKey: Guid(b8d4afc4a3c904149af571cf329e8704) Importer(815301076,1909f56bfc062723c751e8b465ee728b)
Start importing Assets/Art/Game/bosses/skeleton boss/skeleton_idle.png using Guid(b8d4afc4a3c904149af571cf329e8704) Importer(815301076,1909f56bfc062723c751e8b465ee728b)  -> (artifact id: 'f1cbf9fd4be1b5ae26f8e85fff3fd3ba') in 0.009406 seconds
  Import took 0.015215 seconds .

========================================================================
Received Import Request.
  Time since last request: 4.652843 seconds.
  path: Assets/Art/Game/bosses/skeleton boss/skeleton_idle.png
  artifactKey: Guid(b8d4afc4a3c904149af571cf329e8704) Importer(815301076,1909f56bfc062723c751e8b465ee728b)
Start importing Assets/Art/Game/bosses/skeleton boss/skeleton_idle.png using Guid(b8d4afc4a3c904149af571cf329e8704) Importer(815301076,1909f56bfc062723c751e8b465ee728b)  -> (artifact id: 'dfb3fde6cb3c17b2cf8cf8a3fdb4bd9c') in 0.011248 seconds
  Import took 0.017976 seconds .

========================================================================
Received Import Request.
  Time since last request: 0.000149 seconds.
  path: Assets/Art/Game/bosses/skeleton boss/skeleton_raising.png
  artifactKey: Guid(05196b423dfc14c4fb1b69e785ca4979) Importer(815301076,1909f56bfc062723c751e8b465ee728b)
Start importing Assets/Art/Game/bosses/skeleton boss/skeleton_raising.png using Guid(05196b423dfc14c4fb1b69e785ca4979) Importer(815301076,1909f56bfc062723c751e8b465ee728b)  -> (artifact id: '081fb146b19b606a0eb824898323a2a6') in 0.014155 seconds
  Import took 0.021214 seconds .

========================================================================
Received Import Request.
  Time since last request: 26.613181 seconds.
  path: Assets/Art/Game/bosses/skeleton boss/skeleton_idle.png
  artifactKey: Guid(b8d4afc4a3c904149af571cf329e8704) Importer(815301076,1909f56bfc062723c751e8b465ee728b)
Start importing Assets/Art/Game/bosses/skeleton boss/skeleton_idle.png using Guid(b8d4afc4a3c904149af571cf329e8704) Importer(815301076,1909f56bfc062723c751e8b465ee728b)  -> (artifact id: 'f9a5449c86f120d1b688ba717b68a316') in 0.026346 seconds
  Import took 0.033095 seconds .

========================================================================
Received Import Request.
  Time since last request: 23.112438 seconds.
  path: Assets/Art/Game/bosses/skeleton boss/skeleton_raising.png
  artifactKey: Guid(05196b423dfc14c4fb1b69e785ca4979) Importer(815301076,1909f56bfc062723c751e8b465ee728b)
Start importing Assets/Art/Game/bosses/skeleton boss/skeleton_raising.png using Guid(05196b423dfc14c4fb1b69e785ca4979) Importer(815301076,1909f56bfc062723c751e8b465ee728b)  -> (artifact id: 'af845b87d8b333dad708a8e3446c2b7e') in 0.016933 seconds
  Import took 0.025509 seconds .

========================================================================
Received Import Request.
  Time since last request: 0.001667 seconds.
  path: Assets/Art/Game/bosses/skeleton boss/skeleton_raising.png
  artifactKey: Guid(05196b423dfc14c4fb1b69e785ca4979) Importer(815301076,1909f56bfc062723c751e8b465ee728b)
Start importing Assets/Art/Game/bosses/skeleton boss/skeleton_raising.png using Guid(05196b423dfc14c4fb1b69e785ca4979) Importer(815301076,1909f56bfc062723c751e8b465ee728b)  -> (artifact id: 'af845b87d8b333dad708a8e3446c2b7e') in 0.010743 seconds
  Import took 0.018171 seconds .

========================================================================
Received Import Request.
  Time since last request: 9.110098 seconds.
  path: Assets/Animation/Animators/bosses/frog.controller
  artifactKey: Guid(96cd15659a80768479cbb01cd8448807) Importer(815301076,1909f56bfc062723c751e8b465ee728b)
Start importing Assets/Animation/Animators/bosses/frog.controller using Guid(96cd15659a80768479cbb01cd8448807) Importer(815301076,1909f56bfc062723c751e8b465ee728b)  -> (artifact id: '72d446858288700a50a6a9e49c2ed59d') in 0.038171 seconds
  Import took 0.045235 seconds .

========================================================================
Received Import Request.
  Time since last request: 4.748245 seconds.
  path: Assets/Animation/Animators/bosses/skeleton.controller
  artifactKey: Guid(96cd15659a80768479cbb01cd8448807) Importer(815301076,1909f56bfc062723c751e8b465ee728b)
Start importing Assets/Animation/Animators/bosses/skeleton.controller using Guid(96cd15659a80768479cbb01cd8448807) Importer(815301076,1909f56bfc062723c751e8b465ee728b)  -> (artifact id: '87138b432e201a82c644ec3fab30619b') in 0.030016 seconds
  Import took 0.056812 seconds .

========================================================================
Received Import Request.
  Time since last request: 0.803146 seconds.
  path: Assets/Animation/Animators/bosses/frog_vulnerable.anim
  artifactKey: Guid(06864a119d92c9646beb78be3edaedd4) Importer(815301076,1909f56bfc062723c751e8b465ee728b)
Start importing Assets/Animation/Animators/bosses/frog_vulnerable.anim using Guid(06864a119d92c9646beb78be3edaedd4) Importer(815301076,1909f56bfc062723c751e8b465ee728b)  -> (artifact id: '1f229e5fc0941b0516cc5264df5522fe') in 0.009501 seconds
  Import took 0.015426 seconds .

========================================================================
Received Import Request.
  Time since last request: 0.141402 seconds.
  path: Assets/Animation/Animators/bosses/frog_invulnerable.anim
  artifactKey: Guid(efe36fc63d940ea459e2de42060d8d45) Importer(815301076,1909f56bfc062723c751e8b465ee728b)
Start importing Assets/Animation/Animators/bosses/frog_invulnerable.anim using Guid(efe36fc63d940ea459e2de42060d8d45) Importer(815301076,1909f56bfc062723c751e8b465ee728b)  -> (artifact id: '9c7153bebb1f9bd3f80c26cf2c072fe8') in 0.006509 seconds
  Import took 0.012965 seconds .

========================================================================
Received Import Request.
  Time since last request: 65.448611 seconds.
  path: Assets/Animation/Animators/bosses/skeleton_vulnerable.anim
  artifactKey: Guid(06864a119d92c9646beb78be3edaedd4) Importer(815301076,1909f56bfc062723c751e8b465ee728b)
Start importing Assets/Animation/Animators/bosses/skeleton_vulnerable.anim using Guid(06864a119d92c9646beb78be3edaedd4) Importer(815301076,1909f56bfc062723c751e8b465ee728b)  -> (artifact id: '4a1a21a08edb09a13d59e63648b5b09e') in 0.008696 seconds
  Import took 0.020373 seconds .

========================================================================
Received Import Request.
  Time since last request: 5.401055 seconds.
  path: Assets/Animation/Animators/bosses/skeleton_invulnerable.anim
  artifactKey: Guid(efe36fc63d940ea459e2de42060d8d45) Importer(815301076,1909f56bfc062723c751e8b465ee728b)
Start importing Assets/Animation/Animators/bosses/skeleton_invulnerable.anim using Guid(efe36fc63d940ea459e2de42060d8d45) Importer(815301076,1909f56bfc062723c751e8b465ee728b)  -> (artifact id: '3cce8efb116b7be4624cbf906cb90fb7') in 0.013314 seconds
  Import took 0.028124 seconds .

========================================================================
Received Import Request.
  Time since last request: 5.420123 seconds.
  path: Assets/Animation/Animators/bosses/skeleton_vulnerable.anim
  artifactKey: Guid(06864a119d92c9646beb78be3edaedd4) Importer(815301076,1909f56bfc062723c751e8b465ee728b)
Start importing Assets/Animation/Animators/bosses/skeleton_vulnerable.anim using Guid(06864a119d92c9646beb78be3edaedd4) Importer(815301076,1909f56bfc062723c751e8b465ee728b)  -> (artifact id: '357debf56c381f9cf8651f12ffb93bba') in 0.002802 seconds
  Import took 0.009855 seconds .

========================================================================
Received Import Request.
  Time since last request: 13.286273 seconds.
  path: Assets/Resources/Bosses/Boss Sprites/SKELETON sprite.prefab
  artifactKey: Guid(f65320ba6614e7a419bec78c8c18a1ec) Importer(815301076,1909f56bfc062723c751e8b465ee728b)
Start importing Assets/Resources/Bosses/Boss Sprites/SKELETON sprite.prefab using Guid(f65320ba6614e7a419bec78c8c18a1ec) Importer(815301076,1909f56bfc062723c751e8b465ee728b)  -> (artifact id: '01bf22807e9286367be2c252ce8751d2') in 0.258297 seconds
  Import took 0.266408 seconds .

========================================================================
Received Import Request.
  Time since last request: 16.846706 seconds.
  path: Assets/Resources/Bosses/Boss Sprites/SKELETON sprite.prefab
  artifactKey: Guid(f65320ba6614e7a419bec78c8c18a1ec) Importer(815301076,1909f56bfc062723c751e8b465ee728b)
Start importing Assets/Resources/Bosses/Boss Sprites/SKELETON sprite.prefab using Guid(f65320ba6614e7a419bec78c8c18a1ec) Importer(815301076,1909f56bfc062723c751e8b465ee728b)  -> (artifact id: '2cdacbef0eb8414d1b2be8d6427f8d54') in 0.019297 seconds
  Import took 0.041150 seconds .

========================================================================
Received Import Request.
  Time since last request: 95.530748 seconds.
  path: Assets/Animation/Animators/bosses/skeleton_raising.anim
  artifactKey: Guid(06864a119d92c9646beb78be3edaedd4) Importer(815301076,1909f56bfc062723c751e8b465ee728b)
Start importing Assets/Animation/Animators/bosses/skeleton_raising.anim using Guid(06864a119d92c9646beb78be3edaedd4) Importer(815301076,1909f56bfc062723c751e8b465ee728b)  -> (artifact id: 'ef37d8bc6af0517bac86aa0cf40fb41b') in 0.003903 seconds
  Import took 0.013571 seconds .

========================================================================
Received Import Request.
  Time since last request: 0.322279 seconds.
  path: Assets/Animation/Animators/bosses/skeleton_invulnerable.anim
  artifactKey: Guid(efe36fc63d940ea459e2de42060d8d45) Importer(815301076,1909f56bfc062723c751e8b465ee728b)
Start importing Assets/Animation/Animators/bosses/skeleton_invulnerable.anim using Guid(efe36fc63d940ea459e2de42060d8d45) Importer(815301076,1909f56bfc062723c751e8b465ee728b)  -> (artifact id: '2940f5770843c39f29c32a511fa93cbb') in 0.004100 seconds
  Import took 0.012576 seconds .

========================================================================
Received Import Request.
  Time since last request: 0.000743 seconds.
  path: Assets/Animation/Animators/bosses/skeleton_invulnerable.anim
  artifactKey: Guid(efe36fc63d940ea459e2de42060d8d45) Importer(815301076,1909f56bfc062723c751e8b465ee728b)
Start importing Assets/Animation/Animators/bosses/skeleton_invulnerable.anim using Guid(efe36fc63d940ea459e2de42060d8d45) Importer(815301076,1909f56bfc062723c751e8b465ee728b)  -> (artifact id: '2940f5770843c39f29c32a511fa93cbb') in 0.002638 seconds
  Import took 0.009381 seconds .

========================================================================
Received Import Request.
  Time since last request: 5.030914 seconds.
  path: Assets/Animation/Animators/bosses/skeleton_idle.anim
  artifactKey: Guid(efe36fc63d940ea459e2de42060d8d45) Importer(815301076,1909f56bfc062723c751e8b465ee728b)
Start importing Assets/Animation/Animators/bosses/skeleton_idle.anim using Guid(efe36fc63d940ea459e2de42060d8d45) Importer(815301076,1909f56bfc062723c751e8b465ee728b)  -> (artifact id: '8b9f9a2a4b349c1f39997abafc612e1b') in 0.004791 seconds
  Import took 0.014572 seconds .

========================================================================
Received Prepare
Registering precompiled user dll's ...
Registered in 0.061559 seconds.
Begin MonoManager ReloadAssembly
Native extension for WindowsStandalone target not found
Native extension for WebGL target not found
Refreshing native plugins compatible for Editor in 1.07 ms, found 1 plugins.
Preloading 0 native plugins for Editor in 0.00 ms.
Invoked RoslynAnalysisRunner static constructor.
RoslynAnalysisRunner will not be running.
RoslynAnalysisRunner has terminated.
Mono: successfully reloaded assembly
- Completed reload, in  1.031 seconds
Platform modules already initialized, skipping
Shader 'Universal Render Pipeline/Particles/Lit': fallback shader 'Universal Render Pipeline/Particles/SimpleLit' not found
Refreshing native plugins compatible for Editor in 0.85 ms, found 1 plugins.
Preloading 0 native plugins for Editor in 0.00 ms.
Unloading 3201 Unused Serialized files (Serialized files now loaded: 0)
System memory in use before: 222.4 MB.
System memory in use after: 222.6 MB.

Unloading 10 unused Assets to reduce memory usage. Loaded Objects now: 3922.
Total: 2.642900 ms (FindLiveObjects: 0.357500 ms CreateObjectMapping: 0.089100 ms MarkObjects: 2.177400 ms  DeleteObjects: 0.018200 ms)

========================================================================
Received Prepare
Registering precompiled user dll's ...
Registered in 0.001437 seconds.
Begin MonoManager ReloadAssembly
Native extension for WindowsStandalone target not found
Native extension for WebGL target not found
Refreshing native plugins compatible for Editor in 2.43 ms, found 1 plugins.
Preloading 0 native plugins for Editor in 0.00 ms.
Invoked RoslynAnalysisRunner static constructor.
RoslynAnalysisRunner will not be running.
RoslynAnalysisRunner has terminated.
Mono: successfully reloaded assembly
- Completed reload, in  1.021 seconds
Platform modules already initialized, skipping
Shader 'Universal Render Pipeline/Particles/Lit': fallback shader 'Universal Render Pipeline/Particles/SimpleLit' not found
Refreshing native plugins compatible for Editor in 2.36 ms, found 1 plugins.
Preloading 0 native plugins for Editor in 0.00 ms.
Unloading 3201 Unused Serialized files (Serialized files now loaded: 0)
System memory in use before: 222.4 MB.
System memory in use after: 222.6 MB.

Unloading 10 unused Assets to reduce memory usage. Loaded Objects now: 3924.
Total: 2.731500 ms (FindLiveObjects: 0.424100 ms CreateObjectMapping: 0.092700 ms MarkObjects: 2.194400 ms  DeleteObjects: 0.018500 ms)

========================================================================
Received Import Request.
  Time since last request: 581.721005 seconds.
  path: Assets/Animation/Animators/bosses/skeleton_rising.anim
  artifactKey: Guid(06864a119d92c9646beb78be3edaedd4) Importer(815301076,1909f56bfc062723c751e8b465ee728b)
Start importing Assets/Animation/Animators/bosses/skeleton_rising.anim using Guid(06864a119d92c9646beb78be3edaedd4) Importer(815301076,1909f56bfc062723c751e8b465ee728b)  -> (artifact id: '54347f33dc6c29c28c242361abdcd748') in 0.042747 seconds
  Import took 0.052567 seconds .

========================================================================
Received Prepare
Registering precompiled user dll's ...
Registered in 0.001779 seconds.
Begin MonoManager ReloadAssembly
Native extension for WindowsStandalone target not found
Native extension for WebGL target not found
Refreshing native plugins compatible for Editor in 0.77 ms, found 1 plugins.
Preloading 0 native plugins for Editor in 0.00 ms.
Invoked RoslynAnalysisRunner static constructor.
RoslynAnalysisRunner will not be running.
RoslynAnalysisRunner has terminated.
Mono: successfully reloaded assembly
- Completed reload, in  0.874 seconds
Platform modules already initialized, skipping
Shader 'Universal Render Pipeline/Particles/Lit': fallback shader 'Universal Render Pipeline/Particles/SimpleLit' not found
Refreshing native plugins compatible for Editor in 0.76 ms, found 1 plugins.
Preloading 0 native plugins for Editor in 0.00 ms.
Unloading 3201 Unused Serialized files (Serialized files now loaded: 0)
System memory in use before: 222.4 MB.
System memory in use after: 222.6 MB.

Unloading 10 unused Assets to reduce memory usage. Loaded Objects now: 3926.
Total: 2.943200 ms (FindLiveObjects: 0.420200 ms CreateObjectMapping: 0.107900 ms MarkObjects: 2.392000 ms  DeleteObjects: 0.022000 ms)

========================================================================
Received Prepare
Registering precompiled user dll's ...
Registered in 0.001653 seconds.
Begin MonoManager ReloadAssembly
Native extension for WindowsStandalone target not found
Native extension for WebGL target not found
Refreshing native plugins compatible for Editor in 0.90 ms, found 1 plugins.
Preloading 0 native plugins for Editor in 0.00 ms.
Invoked RoslynAnalysisRunner static constructor.
RoslynAnalysisRunner will not be running.
RoslynAnalysisRunner has terminated.
Mono: successfully reloaded assembly
- Completed reload, in  0.909 seconds
Platform modules already initialized, skipping
Shader 'Universal Render Pipeline/Particles/Lit': fallback shader 'Universal Render Pipeline/Particles/SimpleLit' not found
Refreshing native plugins compatible for Editor in 0.77 ms, found 1 plugins.
Preloading 0 native plugins for Editor in 0.00 ms.
Unloading 3201 Unused Serialized files (Serialized files now loaded: 0)
System memory in use before: 222.4 MB.
System memory in use after: 222.6 MB.

Unloading 10 unused Assets to reduce memory usage. Loaded Objects now: 3928.
Total: 2.430700 ms (FindLiveObjects: 0.326600 ms CreateObjectMapping: 0.094400 ms MarkObjects: 1.991700 ms  DeleteObjects: 0.017100 ms)

========================================================================
Received Prepare
Registering precompiled user dll's ...
Registered in 0.002152 seconds.
Begin MonoManager ReloadAssembly
Native extension for WindowsStandalone target not found
Native extension for WebGL target not found
Refreshing native plugins compatible for Editor in 0.80 ms, found 1 plugins.
Preloading 0 native plugins for Editor in 0.00 ms.
Invoked RoslynAnalysisRunner static constructor.
RoslynAnalysisRunner will not be running.
RoslynAnalysisRunner has terminated.
Mono: successfully reloaded assembly
- Completed reload, in  0.885 seconds
Platform modules already initialized, skipping
Shader 'Universal Render Pipeline/Particles/Lit': fallback shader 'Universal Render Pipeline/Particles/SimpleLit' not found
Refreshing native plugins compatible for Editor in 0.76 ms, found 1 plugins.
Preloading 0 native plugins for Editor in 0.00 ms.
Unloading 3201 Unused Serialized files (Serialized files now loaded: 0)
System memory in use before: 222.4 MB.
System memory in use after: 222.6 MB.

Unloading 10 unused Assets to reduce memory usage. Loaded Objects now: 3930.
Total: 3.986100 ms (FindLiveObjects: 0.458600 ms CreateObjectMapping: 0.363600 ms MarkObjects: 3.143600 ms  DeleteObjects: 0.019100 ms)

========================================================================
Received Prepare
Registering precompiled user dll's ...
Registered in 0.001607 seconds.
Begin MonoManager ReloadAssembly
Native extension for WindowsStandalone target not found
Native extension for WebGL target not found
Refreshing native plugins compatible for Editor in 1.36 ms, found 1 plugins.
Preloading 0 native plugins for Editor in 0.00 ms.
Invoked RoslynAnalysisRunner static constructor.
RoslynAnalysisRunner will not be running.
RoslynAnalysisRunner has terminated.
Mono: successfully reloaded assembly
- Completed reload, in  1.403 seconds
Platform modules already initialized, skipping
Shader 'Universal Render Pipeline/Particles/Lit': fallback shader 'Universal Render Pipeline/Particles/SimpleLit' not found
Refreshing native plugins compatible for Editor in 1.39 ms, found 1 plugins.
Preloading 0 native plugins for Editor in 0.00 ms.
Unloading 3201 Unused Serialized files (Serialized files now loaded: 0)
System memory in use before: 222.4 MB.
System memory in use after: 222.6 MB.

Unloading 10 unused Assets to reduce memory usage. Loaded Objects now: 3932.
Total: 6.669800 ms (FindLiveObjects: 0.989700 ms CreateObjectMapping: 0.254900 ms MarkObjects: 5.392700 ms  DeleteObjects: 0.031200 ms)

========================================================================
Received Prepare
Registering precompiled user dll's ...
Registered in 0.001549 seconds.
Begin MonoManager ReloadAssembly
Native extension for WindowsStandalone target not found
Native extension for WebGL target not found
Refreshing native plugins compatible for Editor in 0.76 ms, found 1 plugins.
Preloading 0 native plugins for Editor in 0.00 ms.
Invoked RoslynAnalysisRunner static constructor.
RoslynAnalysisRunner will not be running.
RoslynAnalysisRunner has terminated.
Mono: successfully reloaded assembly
- Completed reload, in  0.853 seconds
Platform modules already initialized, skipping
Shader 'Universal Render Pipeline/Particles/Lit': fallback shader 'Universal Render Pipeline/Particles/SimpleLit' not found
Refreshing native plugins compatible for Editor in 0.77 ms, found 1 plugins.
Preloading 0 native plugins for Editor in 0.00 ms.
Unloading 3201 Unused Serialized files (Serialized files now loaded: 0)
System memory in use before: 222.4 MB.
System memory in use after: 222.7 MB.

Unloading 10 unused Assets to reduce memory usage. Loaded Objects now: 3934.
Total: 3.762900 ms (FindLiveObjects: 0.453300 ms CreateObjectMapping: 0.100000 ms MarkObjects: 3.187100 ms  DeleteObjects: 0.020900 ms)

========================================================================
Received Import Request.
  Time since last request: 2862.904736 seconds.
  path: Assets/Art/Game/bosses/skeleton boss/skeleton_head.png
  artifactKey: Guid(6bb6a30c8c075414e90bdb2c70311d25) Importer(815301076,1909f56bfc062723c751e8b465ee728b)
Start importing Assets/Art/Game/bosses/skeleton boss/skeleton_head.png using Guid(6bb6a30c8c075414e90bdb2c70311d25) Importer(815301076,1909f56bfc062723c751e8b465ee728b)  -> (artifact id: '7ab6ba3abcf0aaec6e2fcc0d8eaa168c') in 0.071699 seconds
  Import took 0.078104 seconds .

========================================================================
Received Import Request.
  Time since last request: 11.343974 seconds.
  path: Assets/Art/Game/bosses/skeleton boss/skeleton_head.png
  artifactKey: Guid(6bb6a30c8c075414e90bdb2c70311d25) Importer(815301076,1909f56bfc062723c751e8b465ee728b)
Start importing Assets/Art/Game/bosses/skeleton boss/skeleton_head.png using Guid(6bb6a30c8c075414e90bdb2c70311d25) Importer(815301076,1909f56bfc062723c751e8b465ee728b)  -> (artifact id: '6d01adf384da34eec558b023cbb39cda') in 0.012421 seconds
  Import took 0.019397 seconds .

========================================================================
Received Import Request.
  Time since last request: 0.000584 seconds.
  path: Assets/Art/Game/bosses/skeleton boss/skeleton_head.png
  artifactKey: Guid(6bb6a30c8c075414e90bdb2c70311d25) Importer(815301076,1909f56bfc062723c751e8b465ee728b)
Start importing Assets/Art/Game/bosses/skeleton boss/skeleton_head.png using Guid(6bb6a30c8c075414e90bdb2c70311d25) Importer(815301076,1909f56bfc062723c751e8b465ee728b)  -> (artifact id: '6d01adf384da34eec558b023cbb39cda') in 0.008270 seconds
  Import took 0.017138 seconds .

========================================================================
Received Import Request.
  Time since last request: 9.883796 seconds.
  path: Assets/Art/Game/bosses/skeleton boss/skeleton_head.png
  artifactKey: Guid(6bb6a30c8c075414e90bdb2c70311d25) Importer(815301076,1909f56bfc062723c751e8b465ee728b)
Start importing Assets/Art/Game/bosses/skeleton boss/skeleton_head.png using Guid(6bb6a30c8c075414e90bdb2c70311d25) Importer(815301076,1909f56bfc062723c751e8b465ee728b)  -> (artifact id: '3a81394eace1f3b351096f3c58ed732d') in 0.018696 seconds
  Import took 0.027530 seconds .

========================================================================
Received Import Request.
  Time since last request: 69.275613 seconds.
  path: Assets/Animation/Animators/bosses/1st Boss
  artifactKey: Guid(6ed2a1930dd5c1e4ab48f242c9d48c15) Importer(815301076,1909f56bfc062723c751e8b465ee728b)
Start importing Assets/Animation/Animators/bosses/1st Boss using Guid(6ed2a1930dd5c1e4ab48f242c9d48c15) Importer(815301076,1909f56bfc062723c751e8b465ee728b)  -> (artifact id: '153e90fdd19ee477b4fddaba4e541088') in 0.007104 seconds
  Import took 0.013718 seconds .

========================================================================
Received Import Request.
  Time since last request: 0.000329 seconds.
  path: Assets/Animation/Animators/bosses/1st Boss
  artifactKey: Guid(6ed2a1930dd5c1e4ab48f242c9d48c15) Importer(815301076,1909f56bfc062723c751e8b465ee728b)
Start importing Assets/Animation/Animators/bosses/1st Boss using Guid(6ed2a1930dd5c1e4ab48f242c9d48c15) Importer(815301076,1909f56bfc062723c751e8b465ee728b)  -> (artifact id: '153e90fdd19ee477b4fddaba4e541088') in 0.002561 seconds
  Import took 0.009180 seconds .

========================================================================
Received Import Request.
  Time since last request: 1.693152 seconds.
  path: Assets/Animation/Animators/bosses/bone ray.controller
  artifactKey: Guid(0bdfd2bd14d0a494bb7bcbc1b74db05b) Importer(815301076,1909f56bfc062723c751e8b465ee728b)
Start importing Assets/Animation/Animators/bosses/bone ray.controller using Guid(0bdfd2bd14d0a494bb7bcbc1b74db05b) Importer(815301076,1909f56bfc062723c751e8b465ee728b)  -> (artifact id: '1a29ccd9aaa8ebc364f5ab4c034a4693') in 0.035736 seconds
  Import took 0.043359 seconds .

========================================================================
Received Import Request.
  Time since last request: 32.905043 seconds.
  path: Assets/Animation/Animators/bosses/1st Boss/Boss Image.controller
  artifactKey: Guid(a572859366aeff84cb3c7eb84d0c7f5e) Importer(815301076,1909f56bfc062723c751e8b465ee728b)
Start importing Assets/Animation/Animators/bosses/1st Boss/Boss Image.controller using Guid(a572859366aeff84cb3c7eb84d0c7f5e) Importer(815301076,1909f56bfc062723c751e8b465ee728b)  -> (artifact id: '1e630a9773133323f3f67af57d964001') in 0.006261 seconds
  Import took 0.013282 seconds .

========================================================================
Received Import Request.
  Time since last request: 8.461033 seconds.
  path: Assets/Animation/Animators/bosses/1st Boss/ui skeleton.controller
  artifactKey: Guid(a572859366aeff84cb3c7eb84d0c7f5e) Importer(815301076,1909f56bfc062723c751e8b465ee728b)
Start importing Assets/Animation/Animators/bosses/1st Boss/ui skeleton.controller using Guid(a572859366aeff84cb3c7eb84d0c7f5e) Importer(815301076,1909f56bfc062723c751e8b465ee728b)  -> (artifact id: '2206592bc4d71df1965d3f6c95cab0bd') in 0.009851 seconds
  Import took 0.020839 seconds .

========================================================================
Received Import Request.
  Time since last request: 0.000727 seconds.
  path: Assets/Animation/Animators/bosses/1st Boss/ui skeleton.controller
  artifactKey: Guid(a572859366aeff84cb3c7eb84d0c7f5e) Importer(815301076,1909f56bfc062723c751e8b465ee728b)
Start importing Assets/Animation/Animators/bosses/1st Boss/ui skeleton.controller using Guid(a572859366aeff84cb3c7eb84d0c7f5e) Importer(815301076,1909f56bfc062723c751e8b465ee728b)  -> (artifact id: '2206592bc4d71df1965d3f6c95cab0bd') in 0.003313 seconds
  Import took 0.013624 seconds .

========================================================================
Received Import Request.
  Time since last request: 128.388095 seconds.
  path: Assets/Art/Game/bosses/skeleton boss/ui-dead_skeleton.png
  artifactKey: Guid(79b43823e0790804d847bb6db7986531) Importer(815301076,1909f56bfc062723c751e8b465ee728b)
Start importing Assets/Art/Game/bosses/skeleton boss/ui-dead_skeleton.png using Guid(79b43823e0790804d847bb6db7986531) Importer(815301076,1909f56bfc062723c751e8b465ee728b)  -> (artifact id: '04158cb8e4a31a7941049822c56462cf') in 0.017690 seconds
  Import took 0.025717 seconds .

========================================================================
Received Import Request.
  Time since last request: 8.561840 seconds.
  path: Assets/Art/Game/bosses/skeleton boss/ui-dead_skeleton.png
  artifactKey: Guid(79b43823e0790804d847bb6db7986531) Importer(815301076,1909f56bfc062723c751e8b465ee728b)
Start importing Assets/Art/Game/bosses/skeleton boss/ui-dead_skeleton.png using Guid(79b43823e0790804d847bb6db7986531) Importer(815301076,1909f56bfc062723c751e8b465ee728b)  -> (artifact id: 'd613e4c202149e331c3bda36704f843f') in 0.008980 seconds
  Import took 0.018412 seconds .

========================================================================
Received Prepare
Registering precompiled user dll's ...
Registered in 0.001526 seconds.
Begin MonoManager ReloadAssembly
Native extension for WindowsStandalone target not found
Native extension for WebGL target not found
Refreshing native plugins compatible for Editor in 1.14 ms, found 1 plugins.
Preloading 0 native plugins for Editor in 0.00 ms.
Invoked RoslynAnalysisRunner static constructor.
RoslynAnalysisRunner will not be running.
RoslynAnalysisRunner has terminated.
Mono: successfully reloaded assembly
- Completed reload, in  0.849 seconds
Platform modules already initialized, skipping
Shader 'Universal Render Pipeline/Particles/Lit': fallback shader 'Universal Render Pipeline/Particles/SimpleLit' not found
Refreshing native plugins compatible for Editor in 0.78 ms, found 1 plugins.
Preloading 0 native plugins for Editor in 0.00 ms.
Unloading 3201 Unused Serialized files (Serialized files now loaded: 0)
System memory in use before: 222.4 MB.
System memory in use after: 222.7 MB.

Unloading 10 unused Assets to reduce memory usage. Loaded Objects now: 3943.
Total: 2.521400 ms (FindLiveObjects: 0.354000 ms CreateObjectMapping: 0.096400 ms MarkObjects: 2.054000 ms  DeleteObjects: 0.015900 ms)

========================================================================
Received Import Request.
  Time since last request: 252.818461 seconds.
  path: Assets/Resources/Items/Extra Life 1.prefab
  artifactKey: Guid(d7f6680eb3d8abd47a9b75c10d20b593) Importer(815301076,1909f56bfc062723c751e8b465ee728b)
Start importing Assets/Resources/Items/Extra Life 1.prefab using Guid(d7f6680eb3d8abd47a9b75c10d20b593) Importer(815301076,1909f56bfc062723c751e8b465ee728b)  -> (artifact id: '5a4994ff16b815155934e6bd8f255860') in 0.156125 seconds
  Import took 0.162793 seconds .

========================================================================
Received Import Request.
  Time since last request: 0.000213 seconds.
  path: Assets/Resources/Items/Extra Life 3.prefab
  artifactKey: Guid(d8d2ed04442220f469651d7e5068f4bd) Importer(815301076,1909f56bfc062723c751e8b465ee728b)
Start importing Assets/Resources/Items/Extra Life 3.prefab using Guid(d8d2ed04442220f469651d7e5068f4bd) Importer(815301076,1909f56bfc062723c751e8b465ee728b)  -> (artifact id: '65326eb7618f64ec53140e6f40478052') in 0.012321 seconds
  Import took 0.018452 seconds .

========================================================================
Received Import Request.
  Time since last request: 0.000218 seconds.
  path: Assets/Resources/Items/Extra Life 2.prefab
  artifactKey: Guid(997f21a56f89f4046a5b5e284d257f68) Importer(815301076,1909f56bfc062723c751e8b465ee728b)
Start importing Assets/Resources/Items/Extra Life 2.prefab using Guid(997f21a56f89f4046a5b5e284d257f68) Importer(815301076,1909f56bfc062723c751e8b465ee728b)  -> (artifact id: '84dc295022d56686a32a221e1cccf909') in 0.013415 seconds
  Import took 0.019660 seconds .

========================================================================
Received Import Request.
  Time since last request: 0.000226 seconds.
  path: Assets/Resources/Items/Extra Life 4.prefab
  artifactKey: Guid(a67a3996a8e5a1d40b80b63ea3805be5) Importer(815301076,1909f56bfc062723c751e8b465ee728b)
Start importing Assets/Resources/Items/Extra Life 4.prefab using Guid(a67a3996a8e5a1d40b80b63ea3805be5) Importer(815301076,1909f56bfc062723c751e8b465ee728b)  -> (artifact id: '9bacc75b2c15d3f592acf702b7157d11') in 0.016465 seconds
  Import took 0.023353 seconds .

========================================================================
Received Import Request.
  Time since last request: 5.617343 seconds.
  path: Assets/Resources/Items/Extra Life 1.prefab
  artifactKey: Guid(d7f6680eb3d8abd47a9b75c10d20b593) Importer(815301076,1909f56bfc062723c751e8b465ee728b)
Start importing Assets/Resources/Items/Extra Life 1.prefab using Guid(d7f6680eb3d8abd47a9b75c10d20b593) Importer(815301076,1909f56bfc062723c751e8b465ee728b)  -> (artifact id: '2fd634bf28d7985781eed67877e3ee11') in 0.011274 seconds
  Import took 0.022350 seconds .

========================================================================
Received Import Request.
  Time since last request: 0.000348 seconds.
  path: Assets/Resources/Items/Extra Life 3.prefab
  artifactKey: Guid(d8d2ed04442220f469651d7e5068f4bd) Importer(815301076,1909f56bfc062723c751e8b465ee728b)
Start importing Assets/Resources/Items/Extra Life 3.prefab using Guid(d8d2ed04442220f469651d7e5068f4bd) Importer(815301076,1909f56bfc062723c751e8b465ee728b)  -> (artifact id: '6a40b60bea48fc98799682759d971ae0') in 0.009163 seconds
  Import took 0.016356 seconds .

========================================================================
Received Import Request.
  Time since last request: 0.000183 seconds.
  path: Assets/Resources/Items/Extra Life 2.prefab
  artifactKey: Guid(997f21a56f89f4046a5b5e284d257f68) Importer(815301076,1909f56bfc062723c751e8b465ee728b)
Start importing Assets/Resources/Items/Extra Life 2.prefab using Guid(997f21a56f89f4046a5b5e284d257f68) Importer(815301076,1909f56bfc062723c751e8b465ee728b)  -> (artifact id: '2a2e7e9d3d10a021d8cec0a4f3ac3ac8') in 0.009739 seconds
  Import took 0.015732 seconds .

========================================================================
Received Import Request.
  Time since last request: 0.000252 seconds.
  path: Assets/Resources/Items/Extra Life 4.prefab
  artifactKey: Guid(a67a3996a8e5a1d40b80b63ea3805be5) Importer(815301076,1909f56bfc062723c751e8b465ee728b)
Start importing Assets/Resources/Items/Extra Life 4.prefab using Guid(a67a3996a8e5a1d40b80b63ea3805be5) Importer(815301076,1909f56bfc062723c751e8b465ee728b)  -> (artifact id: '860acea8a91b3b3a48f110de88e0284d') in 0.009769 seconds
  Import took 0.016769 seconds .

========================================================================
Received Import Request.
  Time since last request: 0.007202 seconds.
  path: Assets/Resources/Items/Extra Life 4.prefab
  artifactKey: Guid(a67a3996a8e5a1d40b80b63ea3805be5) Importer(815301076,1909f56bfc062723c751e8b465ee728b)
Start importing Assets/Resources/Items/Extra Life 4.prefab using Guid(a67a3996a8e5a1d40b80b63ea3805be5) Importer(815301076,1909f56bfc062723c751e8b465ee728b)  -> (artifact id: '860acea8a91b3b3a48f110de88e0284d') in 0.018402 seconds
  Import took 0.025153 seconds .

========================================================================
Received Import Request.
  Time since last request: 84.865678 seconds.
  path: Assets/Scripts/Skills/General/SkillObject.cs
  artifactKey: Guid(6561707b75063f04e898095392bf9760) Importer(815301076,1909f56bfc062723c751e8b465ee728b)
Start importing Assets/Scripts/Skills/General/SkillObject.cs using Guid(6561707b75063f04e898095392bf9760) Importer(815301076,1909f56bfc062723c751e8b465ee728b)  -> (artifact id: 'b48c7110a8332b0a7ecf24fcdab7fbbd') in 0.006061 seconds
  Import took 0.011620 seconds .

========================================================================
Received Prepare
Registering precompiled user dll's ...
Registered in 0.001321 seconds.
Begin MonoManager ReloadAssembly
Native extension for WindowsStandalone target not found
Native extension for WebGL target not found
Refreshing native plugins compatible for Editor in 0.93 ms, found 1 plugins.
Preloading 0 native plugins for Editor in 0.00 ms.
Invoked RoslynAnalysisRunner static constructor.
RoslynAnalysisRunner will not be running.
RoslynAnalysisRunner has terminated.
Mono: successfully reloaded assembly
- Completed reload, in  1.044 seconds
Platform modules already initialized, skipping
Shader 'Universal Render Pipeline/Particles/Lit': fallback shader 'Universal Render Pipeline/Particles/SimpleLit' not found
Refreshing native plugins compatible for Editor in 0.89 ms, found 1 plugins.
Preloading 0 native plugins for Editor in 0.00 ms.
Unloading 3201 Unused Serialized files (Serialized files now loaded: 0)
System memory in use before: 222.6 MB.
System memory in use after: 222.8 MB.

Unloading 10 unused Assets to reduce memory usage. Loaded Objects now: 3981.
Total: 3.226400 ms (FindLiveObjects: 0.432200 ms CreateObjectMapping: 0.094800 ms MarkObjects: 2.675900 ms  DeleteObjects: 0.021600 ms)

========================================================================
Received Import Request.
  Time since last request: 188.421736 seconds.
  path: Assets/Scripts/Items/ExtraLife.cs
  artifactKey: Guid(ed3224dad4041d945a8106c49b9ec937) Importer(815301076,1909f56bfc062723c751e8b465ee728b)
Start importing Assets/Scripts/Items/ExtraLife.cs using Guid(ed3224dad4041d945a8106c49b9ec937) Importer(815301076,1909f56bfc062723c751e8b465ee728b)  -> (artifact id: 'f69eca4489501efe828b6dfef1831027') in 0.068544 seconds
  Import took 0.074731 seconds .

========================================================================
Received Prepare
Registering precompiled user dll's ...
Registered in 0.001355 seconds.
Begin MonoManager ReloadAssembly
Native extension for WindowsStandalone target not found
Native extension for WebGL target not found
Refreshing native plugins compatible for Editor in 0.83 ms, found 1 plugins.
Preloading 0 native plugins for Editor in 0.00 ms.
Invoked RoslynAnalysisRunner static constructor.
RoslynAnalysisRunner will not be running.
RoslynAnalysisRunner has terminated.
Mono: successfully reloaded assembly
- Completed reload, in  0.923 seconds
Platform modules already initialized, skipping
Shader 'Universal Render Pipeline/Particles/Lit': fallback shader 'Universal Render Pipeline/Particles/SimpleLit' not found
Refreshing native plugins compatible for Editor in 1.18 ms, found 1 plugins.
Preloading 0 native plugins for Editor in 0.00 ms.
Unloading 3201 Unused Serialized files (Serialized files now loaded: 0)
System memory in use before: 222.6 MB.
System memory in use after: 222.8 MB.

Unloading 10 unused Assets to reduce memory usage. Loaded Objects now: 3983.
Total: 6.591200 ms (FindLiveObjects: 1.057300 ms CreateObjectMapping: 0.137100 ms MarkObjects: 5.371500 ms  DeleteObjects: 0.023200 ms)

========================================================================
Received Import Request.
  Time since last request: 20.262039 seconds.
  path: Assets/Scripts/Items/ExtraLife.cs
  artifactKey: Guid(ed3224dad4041d945a8106c49b9ec937) Importer(815301076,1909f56bfc062723c751e8b465ee728b)
Start importing Assets/Scripts/Items/ExtraLife.cs using Guid(ed3224dad4041d945a8106c49b9ec937) Importer(815301076,1909f56bfc062723c751e8b465ee728b)  -> (artifact id: '480b96ca0c88b792d6557f3764317c22') in 0.008532 seconds
  Import took 0.018505 seconds .

========================================================================
Received Prepare
Registering precompiled user dll's ...
Registered in 0.001361 seconds.
Begin MonoManager ReloadAssembly
Native extension for WindowsStandalone target not found
Native extension for WebGL target not found
Refreshing native plugins compatible for Editor in 0.85 ms, found 1 plugins.
Preloading 0 native plugins for Editor in 0.00 ms.
Invoked RoslynAnalysisRunner static constructor.
RoslynAnalysisRunner will not be running.
RoslynAnalysisRunner has terminated.
Mono: successfully reloaded assembly
- Completed reload, in  0.911 seconds
Platform modules already initialized, skipping
Shader 'Universal Render Pipeline/Particles/Lit': fallback shader 'Universal Render Pipeline/Particles/SimpleLit' not found
Refreshing native plugins compatible for Editor in 0.92 ms, found 1 plugins.
Preloading 0 native plugins for Editor in 0.00 ms.
Unloading 3201 Unused Serialized files (Serialized files now loaded: 0)
System memory in use before: 222.6 MB.
System memory in use after: 222.8 MB.

Unloading 10 unused Assets to reduce memory usage. Loaded Objects now: 3985.
Total: 3.475400 ms (FindLiveObjects: 0.561800 ms CreateObjectMapping: 0.094400 ms MarkObjects: 2.794300 ms  DeleteObjects: 0.023700 ms)

========================================================================
Received Prepare
Registering precompiled user dll's ...
Registered in 0.002195 seconds.
Begin MonoManager ReloadAssembly
Native extension for WindowsStandalone target not found
Native extension for WebGL target not found
Refreshing native plugins compatible for Editor in 0.86 ms, found 1 plugins.
Preloading 0 native plugins for Editor in 0.00 ms.
Invoked RoslynAnalysisRunner static constructor.
RoslynAnalysisRunner will not be running.
RoslynAnalysisRunner has terminated.
Mono: successfully reloaded assembly
- Completed reload, in  0.993 seconds
Platform modules already initialized, skipping
Shader 'Universal Render Pipeline/Particles/Lit': fallback shader 'Universal Render Pipeline/Particles/SimpleLit' not found
Refreshing native plugins compatible for Editor in 1.03 ms, found 1 plugins.
Preloading 0 native plugins for Editor in 0.00 ms.
Unloading 3201 Unused Serialized files (Serialized files now loaded: 0)
System memory in use before: 222.6 MB.
System memory in use after: 222.8 MB.

Unloading 10 unused Assets to reduce memory usage. Loaded Objects now: 3987.
Total: 5.552400 ms (FindLiveObjects: 0.700500 ms CreateObjectMapping: 0.117400 ms MarkObjects: 4.714800 ms  DeleteObjects: 0.018500 ms)

========================================================================
Received Prepare
Registering precompiled user dll's ...
Registered in 0.001584 seconds.
Begin MonoManager ReloadAssembly
Native extension for WindowsStandalone target not found
Native extension for WebGL target not found
Refreshing native plugins compatible for Editor in 0.83 ms, found 1 plugins.
Preloading 0 native plugins for Editor in 0.00 ms.
Invoked RoslynAnalysisRunner static constructor.
RoslynAnalysisRunner will not be running.
RoslynAnalysisRunner has terminated.
Mono: successfully reloaded assembly
- Completed reload, in  0.998 seconds
Platform modules already initialized, skipping
Shader 'Universal Render Pipeline/Particles/Lit': fallback shader 'Universal Render Pipeline/Particles/SimpleLit' not found
Refreshing native plugins compatible for Editor in 1.26 ms, found 1 plugins.
Preloading 0 native plugins for Editor in 0.00 ms.
Unloading 3201 Unused Serialized files (Serialized files now loaded: 0)
System memory in use before: 222.6 MB.
System memory in use after: 222.8 MB.

Unloading 10 unused Assets to reduce memory usage. Loaded Objects now: 3989.
Total: 7.161400 ms (FindLiveObjects: 1.094500 ms CreateObjectMapping: 0.134900 ms MarkObjects: 5.890600 ms  DeleteObjects: 0.039700 ms)

========================================================================
Received Prepare
Registering precompiled user dll's ...
Registered in 0.001451 seconds.
Begin MonoManager ReloadAssembly
Native extension for WindowsStandalone target not found
Native extension for WebGL target not found
Refreshing native plugins compatible for Editor in 0.85 ms, found 1 plugins.
Preloading 0 native plugins for Editor in 0.00 ms.
Invoked RoslynAnalysisRunner static constructor.
RoslynAnalysisRunner will not be running.
RoslynAnalysisRunner has terminated.
Mono: successfully reloaded assembly
- Completed reload, in  0.887 seconds
Platform modules already initialized, skipping
Shader 'Universal Render Pipeline/Particles/Lit': fallback shader 'Universal Render Pipeline/Particles/SimpleLit' not found
Refreshing native plugins compatible for Editor in 0.78 ms, found 1 plugins.
Preloading 0 native plugins for Editor in 0.00 ms.
Unloading 3201 Unused Serialized files (Serialized files now loaded: 0)
System memory in use before: 222.6 MB.
System memory in use after: 222.9 MB.

Unloading 10 unused Assets to reduce memory usage. Loaded Objects now: 3991.
Total: 2.551300 ms (FindLiveObjects: 0.351500 ms CreateObjectMapping: 0.105300 ms MarkObjects: 2.077300 ms  DeleteObjects: 0.016300 ms)

========================================================================
Received Prepare
Registering precompiled user dll's ...
Registered in 0.001402 seconds.
Begin MonoManager ReloadAssembly
Native extension for WindowsStandalone target not found
Native extension for WebGL target not found
Refreshing native plugins compatible for Editor in 1.71 ms, found 1 plugins.
Preloading 0 native plugins for Editor in 0.00 ms.
Invoked RoslynAnalysisRunner static constructor.
RoslynAnalysisRunner will not be running.
RoslynAnalysisRunner has terminated.
Mono: successfully reloaded assembly
- Completed reload, in  0.904 seconds
Platform modules already initialized, skipping
Shader 'Universal Render Pipeline/Particles/Lit': fallback shader 'Universal Render Pipeline/Particles/SimpleLit' not found
Refreshing native plugins compatible for Editor in 0.83 ms, found 1 plugins.
Preloading 0 native plugins for Editor in 0.00 ms.
Unloading 3201 Unused Serialized files (Serialized files now loaded: 0)
System memory in use before: 222.6 MB.
System memory in use after: 222.9 MB.

Unloading 10 unused Assets to reduce memory usage. Loaded Objects now: 3993.
Total: 5.151300 ms (FindLiveObjects: 0.596100 ms CreateObjectMapping: 0.117200 ms MarkObjects: 4.407200 ms  DeleteObjects: 0.029700 ms)

========================================================================
Received Prepare
Registering precompiled user dll's ...
Registered in 0.001551 seconds.
Begin MonoManager ReloadAssembly
Native extension for WindowsStandalone target not found
Native extension for WebGL target not found
Refreshing native plugins compatible for Editor in 2.08 ms, found 1 plugins.
Preloading 0 native plugins for Editor in 0.00 ms.
Invoked RoslynAnalysisRunner static constructor.
RoslynAnalysisRunner will not be running.
RoslynAnalysisRunner has terminated.
Mono: successfully reloaded assembly
- Completed reload, in  1.005 seconds
Platform modules already initialized, skipping
Shader 'Universal Render Pipeline/Particles/Lit': fallback shader 'Universal Render Pipeline/Particles/SimpleLit' not found
Refreshing native plugins compatible for Editor in 1.26 ms, found 1 plugins.
Preloading 0 native plugins for Editor in 0.00 ms.
Unloading 3201 Unused Serialized files (Serialized files now loaded: 0)
System memory in use before: 222.6 MB.
System memory in use after: 222.9 MB.

Unloading 10 unused Assets to reduce memory usage. Loaded Objects now: 3995.
Total: 5.617500 ms (FindLiveObjects: 0.600900 ms CreateObjectMapping: 0.122800 ms MarkObjects: 4.846100 ms  DeleteObjects: 0.046000 ms)

AssetImportWorkerClient::OnTransportError - code=2 error=End of file
