Using pre-set license
Built from '2020.2/staging' branch; Version is '2020.2.6f1 (8a2143876886) revision 9052483'; Using compiler version '192528614'; Build Type 'Release'
OS: 'Windows 10 Pro; OS build 19042.928; Version 2009; 64bit' Language: 'en' Physical Memory: 16319 MB
BatchMode: 1, IsHumanControllingUs: 0, StartBugReporterOnCrash: 0, Is64bit: 1, IsPro: 0

 COMMAND LINE ARGUMENTS:
C:\Program Files\Unity\Hub\Editor\2020.2.6f1\Editor\Unity.exe
-adb2
-batchMode
-noUpm
-name
AssetImportWorker0
-projectPath
D:/Lucas/Unity/PROJETOS/Pessoal/trigo-shooter/2d top down shooter
-logFile
Logs/AssetImportWorker0.log
-srvPort
49727
Successfully changed project path to: D:/Lucas/Unity/PROJETOS/Pessoal/trigo-shooter/2d top down shooter
D:/Lucas/Unity/PROJETOS/Pessoal/trigo-shooter/2d top down shooter
Using Asset Import Pipeline V2.
Refreshing native plugins compatible for Editor in 64.33 ms, found 1 plugins.
Preloading 0 native plugins for Editor in 0.00 ms.
Initialize engine version: 2020.2.6f1 (8a2143876886)
[Subsystems] Discovering subsystems at path C:/Program Files/Unity/Hub/Editor/2020.2.6f1/Editor/Data/Resources/UnitySubsystems
[Subsystems] Discovering subsystems at path D:/Lucas/Unity/PROJETOS/Pessoal/trigo-shooter/2d top down shooter/Assets
GfxDevice: creating device client; threaded=0
Direct3D:
    Version:  Direct3D 11.0 [level 11.1]
    Renderer: NVIDIA GeForce GTX 1660 (ID=0x2184)
    Vendor:   
    VRAM:     5991 MB
    Driver:   27.21.14.5671
Shader 'Universal Render Pipeline/Particles/Lit': fallback shader 'Universal Render Pipeline/Particles/SimpleLit' not found
Initialize mono
Mono path[0] = 'C:/Program Files/Unity/Hub/Editor/2020.2.6f1/Editor/Data/Managed'
Mono path[1] = 'C:/Program Files/Unity/Hub/Editor/2020.2.6f1/Editor/Data/MonoBleedingEdge/lib/mono/unityjit'
Mono config path = 'C:/Program Files/Unity/Hub/Editor/2020.2.6f1/Editor/Data/MonoBleedingEdge/etc'
Using monoOptions --debugger-agent=transport=dt_socket,embedding=1,server=y,suspend=n,address=127.0.0.1:56416
Begin MonoManager ReloadAssembly
Registering precompiled unity dll's ...
Register platform support module: C:/Program Files/Unity/Hub/Editor/2020.2.6f1/Editor/Data/PlaybackEngines/WebGLSupport/UnityEditor.WebGL.Extensions.dll
Register platform support module: C:/Program Files/Unity/Hub/Editor/2020.2.6f1/Editor/Data/PlaybackEngines/WindowsStandaloneSupport/UnityEditor.WindowsStandalone.Extensions.dll
Registered in 0.002840 seconds.
Native extension for WindowsStandalone target not found
Native extension for WebGL target not found
Refreshing native plugins compatible for Editor in 70.01 ms, found 1 plugins.
Preloading 0 native plugins for Editor in 0.00 ms.
Invoked RoslynAnalysisRunner static constructor.
RoslynAnalysisRunner will not be running.
RoslynAnalysisRunner has terminated.
Mono: successfully reloaded assembly
- Completed reload, in  1.085 seconds
Platform modules already initialized, skipping
Registering precompiled user dll's ...
Registered in 0.000881 seconds.
Begin MonoManager ReloadAssembly
Native extension for WindowsStandalone target not found
Native extension for WebGL target not found
Refreshing native plugins compatible for Editor in 74.47 ms, found 1 plugins.
Preloading 0 native plugins for Editor in 0.00 ms.
Invoked RoslynAnalysisRunner static constructor.
RoslynAnalysisRunner will not be running.
RoslynAnalysisRunner has terminated.
Mono: successfully reloaded assembly
- Completed reload, in  0.954 seconds
Platform modules already initialized, skipping
========================================================================
Worker process is ready to serve import requests
Shader 'Universal Render Pipeline/Particles/Lit': fallback shader 'Universal Render Pipeline/Particles/SimpleLit' not found
Launched and connected shader compiler UnityShaderCompiler.exe after 0.03 seconds
Refreshing native plugins compatible for Editor in 0.75 ms, found 1 plugins.
Preloading 0 native plugins for Editor in 0.00 ms.
Unloading 3332 Unused Serialized files (Serialized files now loaded: 0)
System memory in use before: 220.5 MB.
System memory in use after: 220.8 MB.

Unloading 20 unused Assets to reduce memory usage. Loaded Objects now: 3792.
Total: 2.385400 ms (FindLiveObjects: 0.382600 ms CreateObjectMapping: 0.095600 ms MarkObjects: 1.882700 ms  DeleteObjects: 0.023500 ms)

========================================================================
Received Import Request.
  path: Assets/Prefabs/_Rooms/Graveyard/SECRET B.prefab
  artifactKey: Guid(11d2585766a183644ae63bc5e2add307) Importer(815301076,1909f56bfc062723c751e8b465ee728b)
Start importing Assets/Prefabs/_Rooms/Graveyard/SECRET B.prefab using Guid(11d2585766a183644ae63bc5e2add307) Importer(815301076,1909f56bfc062723c751e8b465ee728b)  -> (artifact id: 'dd215997afce1ba41a429aca29ae2b76') in 0.327890 seconds
  Import took 0.341586 seconds .

========================================================================
Received Import Request.
  Time since last request: 5.023618 seconds.
  path: Assets/Prefabs/_Rooms/Graveyard/SECRET B.prefab
  artifactKey: Guid(11d2585766a183644ae63bc5e2add307) Importer(815301076,1909f56bfc062723c751e8b465ee728b)
Start importing Assets/Prefabs/_Rooms/Graveyard/SECRET B.prefab using Guid(11d2585766a183644ae63bc5e2add307) Importer(815301076,1909f56bfc062723c751e8b465ee728b)  -> (artifact id: '6e5675ff95188cd328d756ee53fac244') in 0.113267 seconds
  Import took 0.143391 seconds .

========================================================================
Received Import Request.
  Time since last request: 2.876287 seconds.
  path: Assets/Prefabs/_Rooms/Graveyard/SECRET B.prefab
  artifactKey: Guid(11d2585766a183644ae63bc5e2add307) Importer(815301076,1909f56bfc062723c751e8b465ee728b)
Start importing Assets/Prefabs/_Rooms/Graveyard/SECRET B.prefab using Guid(11d2585766a183644ae63bc5e2add307) Importer(815301076,1909f56bfc062723c751e8b465ee728b)  -> (artifact id: 'ddcb32782a26161078d8f29e908682ef') in 0.114378 seconds
  Import took 0.128955 seconds .

========================================================================
Received Import Request.
  Time since last request: 3.906352 seconds.
  path: Assets/Prefabs/_Rooms/Graveyard/SECRET B.prefab
  artifactKey: Guid(11d2585766a183644ae63bc5e2add307) Importer(815301076,1909f56bfc062723c751e8b465ee728b)
Start importing Assets/Prefabs/_Rooms/Graveyard/SECRET B.prefab using Guid(11d2585766a183644ae63bc5e2add307) Importer(815301076,1909f56bfc062723c751e8b465ee728b)  -> (artifact id: '5675c9390cb3f7428e729e4230e9f560') in 0.108103 seconds
  Import took 0.121839 seconds .

========================================================================
Received Import Request.
  Time since last request: 3.647034 seconds.
  path: Assets/Prefabs/_Rooms/Graveyard/SECRET L.prefab
  artifactKey: Guid(a217a36dda7e15c4cb6e7dc641490858) Importer(815301076,1909f56bfc062723c751e8b465ee728b)
Start importing Assets/Prefabs/_Rooms/Graveyard/SECRET L.prefab using Guid(a217a36dda7e15c4cb6e7dc641490858) Importer(815301076,1909f56bfc062723c751e8b465ee728b)  -> (artifact id: '74e5b7cd103289ec1ca5ee9100d033aa') in 0.105345 seconds
  Import took 0.118893 seconds .

========================================================================
Received Import Request.
  Time since last request: 3.895596 seconds.
  path: Assets/Prefabs/_Rooms/Graveyard/SECRET L.prefab
  artifactKey: Guid(a217a36dda7e15c4cb6e7dc641490858) Importer(815301076,1909f56bfc062723c751e8b465ee728b)
Start importing Assets/Prefabs/_Rooms/Graveyard/SECRET L.prefab using Guid(a217a36dda7e15c4cb6e7dc641490858) Importer(815301076,1909f56bfc062723c751e8b465ee728b)  -> (artifact id: '074c84d620da246b2ce6a24e4c7ac3eb') in 0.106016 seconds
  Import took 0.119972 seconds .

========================================================================
Received Import Request.
  Time since last request: 1.282182 seconds.
  path: Assets/Prefabs/_Rooms/Graveyard/SECRET L.prefab
  artifactKey: Guid(a217a36dda7e15c4cb6e7dc641490858) Importer(815301076,1909f56bfc062723c751e8b465ee728b)
Start importing Assets/Prefabs/_Rooms/Graveyard/SECRET L.prefab using Guid(a217a36dda7e15c4cb6e7dc641490858) Importer(815301076,1909f56bfc062723c751e8b465ee728b)  -> (artifact id: 'e84ccd42bd05630a3c4a9f1647e2112a') in 0.107126 seconds
  Import took 0.121168 seconds .

========================================================================
Received Import Request.
  Time since last request: 5.102681 seconds.
  path: Assets/Prefabs/_Rooms/Graveyard/SECRET L.prefab
  artifactKey: Guid(a217a36dda7e15c4cb6e7dc641490858) Importer(815301076,1909f56bfc062723c751e8b465ee728b)
Start importing Assets/Prefabs/_Rooms/Graveyard/SECRET L.prefab using Guid(a217a36dda7e15c4cb6e7dc641490858) Importer(815301076,1909f56bfc062723c751e8b465ee728b)  -> (artifact id: '13eef45726233a940dea79598515437f') in 0.111749 seconds
  Import took 0.132282 seconds .

========================================================================
Received Import Request.
  Time since last request: 8.043383 seconds.
  path: Assets/Prefabs/_Rooms/Graveyard/SECRET R.prefab
  artifactKey: Guid(459f1cffce984cc4894a3d961ea134a6) Importer(815301076,1909f56bfc062723c751e8b465ee728b)
Start importing Assets/Prefabs/_Rooms/Graveyard/SECRET R.prefab using Guid(459f1cffce984cc4894a3d961ea134a6) Importer(815301076,1909f56bfc062723c751e8b465ee728b)  -> (artifact id: '29723b39a42b53e99eece60ee315cad4') in 0.106729 seconds
  Import took 0.121268 seconds .

========================================================================
Received Import Request.
  Time since last request: 4.709433 seconds.
  path: Assets/Prefabs/_Rooms/Graveyard/SECRET R.prefab
  artifactKey: Guid(459f1cffce984cc4894a3d961ea134a6) Importer(815301076,1909f56bfc062723c751e8b465ee728b)
Start importing Assets/Prefabs/_Rooms/Graveyard/SECRET R.prefab using Guid(459f1cffce984cc4894a3d961ea134a6) Importer(815301076,1909f56bfc062723c751e8b465ee728b)  -> (artifact id: '7c25a99095033e5ed9ce20d4cc7dafaf') in 0.109918 seconds
  Import took 0.123643 seconds .

========================================================================
Received Import Request.
  Time since last request: 15.369877 seconds.
  path: Assets/Prefabs/_Rooms/Graveyard/SECRET R.prefab
  artifactKey: Guid(459f1cffce984cc4894a3d961ea134a6) Importer(815301076,1909f56bfc062723c751e8b465ee728b)
Start importing Assets/Prefabs/_Rooms/Graveyard/SECRET R.prefab using Guid(459f1cffce984cc4894a3d961ea134a6) Importer(815301076,1909f56bfc062723c751e8b465ee728b)  -> (artifact id: 'f6f97ad274d1704c8e33dd5f07e3bd5e') in 0.103984 seconds
  Import took 0.118216 seconds .

========================================================================
Received Import Request.
  Time since last request: 6.329298 seconds.
  path: Assets/Prefabs/_Rooms/Graveyard/SECRET R.prefab
  artifactKey: Guid(459f1cffce984cc4894a3d961ea134a6) Importer(815301076,1909f56bfc062723c751e8b465ee728b)
Start importing Assets/Prefabs/_Rooms/Graveyard/SECRET R.prefab using Guid(459f1cffce984cc4894a3d961ea134a6) Importer(815301076,1909f56bfc062723c751e8b465ee728b)  -> (artifact id: 'f7c28e746b4e961e10d11e92271a4201') in 0.104646 seconds
  Import took 0.118270 seconds .

========================================================================
Received Import Request.
  Time since last request: 2.899164 seconds.
  path: Assets/Prefabs/_Rooms/Graveyard/SECRET R.prefab
  artifactKey: Guid(459f1cffce984cc4894a3d961ea134a6) Importer(815301076,1909f56bfc062723c751e8b465ee728b)
Start importing Assets/Prefabs/_Rooms/Graveyard/SECRET R.prefab using Guid(459f1cffce984cc4894a3d961ea134a6) Importer(815301076,1909f56bfc062723c751e8b465ee728b)  -> (artifact id: '3589d4c8dc5cbbac21663313a6d9af88') in 0.107593 seconds
  Import took 0.121559 seconds .

========================================================================
Received Import Request.
  Time since last request: 5.920968 seconds.
  path: Assets/Prefabs/_Rooms/Graveyard/SECRET R.prefab
  artifactKey: Guid(459f1cffce984cc4894a3d961ea134a6) Importer(815301076,1909f56bfc062723c751e8b465ee728b)
Start importing Assets/Prefabs/_Rooms/Graveyard/SECRET R.prefab using Guid(459f1cffce984cc4894a3d961ea134a6) Importer(815301076,1909f56bfc062723c751e8b465ee728b)  -> (artifact id: '44b8cb08c466f8add09519e68f2a899f') in 0.104125 seconds
  Import took 0.131722 seconds .

========================================================================
Received Import Request.
  Time since last request: 4.853995 seconds.
  path: Assets/Prefabs/_Rooms/Graveyard/SECRET T.prefab
  artifactKey: Guid(ce183ac107cf20e4b9e2a3767360a8e7) Importer(815301076,1909f56bfc062723c751e8b465ee728b)
Start importing Assets/Prefabs/_Rooms/Graveyard/SECRET T.prefab using Guid(ce183ac107cf20e4b9e2a3767360a8e7) Importer(815301076,1909f56bfc062723c751e8b465ee728b)  -> (artifact id: 'aca285a5a0dcd26b3d67de1d64cc7b51') in 0.108894 seconds
  Import took 0.123025 seconds .

========================================================================
Received Import Request.
  Time since last request: 5.911284 seconds.
  path: Assets/Prefabs/_Rooms/Graveyard/SECRET T.prefab
  artifactKey: Guid(ce183ac107cf20e4b9e2a3767360a8e7) Importer(815301076,1909f56bfc062723c751e8b465ee728b)
Start importing Assets/Prefabs/_Rooms/Graveyard/SECRET T.prefab using Guid(ce183ac107cf20e4b9e2a3767360a8e7) Importer(815301076,1909f56bfc062723c751e8b465ee728b)  -> (artifact id: '682da0ae8b22ade928ea85d90f5edd25') in 0.105522 seconds
  Import took 0.119758 seconds .

========================================================================
Received Import Request.
  Time since last request: 4.118115 seconds.
  path: Assets/Prefabs/_Rooms/Graveyard/SECRET T.prefab
  artifactKey: Guid(ce183ac107cf20e4b9e2a3767360a8e7) Importer(815301076,1909f56bfc062723c751e8b465ee728b)
Start importing Assets/Prefabs/_Rooms/Graveyard/SECRET T.prefab using Guid(ce183ac107cf20e4b9e2a3767360a8e7) Importer(815301076,1909f56bfc062723c751e8b465ee728b)  -> (artifact id: '19bd9fd41fca496aceb020085762bf11') in 0.107026 seconds
  Import took 0.121408 seconds .

========================================================================
Received Import Request.
  Time since last request: 7.727519 seconds.
  path: Assets/Prefabs/_Rooms/Graveyard/SECRET T.prefab
  artifactKey: Guid(ce183ac107cf20e4b9e2a3767360a8e7) Importer(815301076,1909f56bfc062723c751e8b465ee728b)
Start importing Assets/Prefabs/_Rooms/Graveyard/SECRET T.prefab using Guid(ce183ac107cf20e4b9e2a3767360a8e7) Importer(815301076,1909f56bfc062723c751e8b465ee728b)  -> (artifact id: '950e3bb74d23e29640db5c17f2204c8a') in 0.101488 seconds
  Import took 0.115500 seconds .

========================================================================
Received Import Request.
  Time since last request: 20.758361 seconds.
  path: Assets/Scenes/Game Scenes/Graveyard.unity
  artifactKey: Guid(b63b122e654f11147aa8c241bbf52ff3) Importer(815301076,1909f56bfc062723c751e8b465ee728b)
Start importing Assets/Scenes/Game Scenes/Graveyard.unity using Guid(b63b122e654f11147aa8c241bbf52ff3) Importer(815301076,1909f56bfc062723c751e8b465ee728b)  -> (artifact id: 'd0ce880289f3cd957bb2d1c27658a2fa') in 0.006121 seconds
  Import took 0.011590 seconds .

========================================================================
Received Prepare
Registering precompiled user dll's ...
Registered in 0.001317 seconds.
Begin MonoManager ReloadAssembly
Native extension for WindowsStandalone target not found
Native extension for WebGL target not found
Refreshing native plugins compatible for Editor in 0.73 ms, found 1 plugins.
Preloading 0 native plugins for Editor in 0.00 ms.
Invoked RoslynAnalysisRunner static constructor.
RoslynAnalysisRunner will not be running.
RoslynAnalysisRunner has terminated.
Mono: successfully reloaded assembly
- Completed reload, in  0.878 seconds
Platform modules already initialized, skipping
Shader 'Universal Render Pipeline/Particles/Lit': fallback shader 'Universal Render Pipeline/Particles/SimpleLit' not found
Refreshing native plugins compatible for Editor in 0.73 ms, found 1 plugins.
Preloading 0 native plugins for Editor in 0.00 ms.
Unloading 3178 Unused Serialized files (Serialized files now loaded: 0)
System memory in use before: 218.1 MB.
System memory in use after: 218.3 MB.

Unloading 10 unused Assets to reduce memory usage. Loaded Objects now: 3840.
Total: 2.714900 ms (FindLiveObjects: 0.376100 ms CreateObjectMapping: 0.097900 ms MarkObjects: 2.222800 ms  DeleteObjects: 0.017000 ms)

========================================================================
Received Prepare
Registering precompiled user dll's ...
Registered in 0.001727 seconds.
Begin MonoManager ReloadAssembly
Native extension for WindowsStandalone target not found
Native extension for WebGL target not found
Refreshing native plugins compatible for Editor in 0.73 ms, found 1 plugins.
Preloading 0 native plugins for Editor in 0.00 ms.
Invoked RoslynAnalysisRunner static constructor.
RoslynAnalysisRunner will not be running.
RoslynAnalysisRunner has terminated.
Mono: successfully reloaded assembly
- Completed reload, in  0.956 seconds
Platform modules already initialized, skipping
Shader 'Universal Render Pipeline/Particles/Lit': fallback shader 'Universal Render Pipeline/Particles/SimpleLit' not found
Refreshing native plugins compatible for Editor in 0.76 ms, found 1 plugins.
Preloading 0 native plugins for Editor in 0.00 ms.
Unloading 3178 Unused Serialized files (Serialized files now loaded: 0)
System memory in use before: 218.2 MB.
System memory in use after: 218.4 MB.

Unloading 10 unused Assets to reduce memory usage. Loaded Objects now: 3842.
Total: 2.556600 ms (FindLiveObjects: 0.396800 ms CreateObjectMapping: 0.095100 ms MarkObjects: 2.046400 ms  DeleteObjects: 0.017700 ms)

========================================================================
Received Import Request.
  Time since last request: 88.109386 seconds.
  path: Assets/Prefabs/Map/Graveyard 2/Black Floor.prefab
  artifactKey: Guid(6499418a747ce8f46942dc57b4ade8b9) Importer(815301076,1909f56bfc062723c751e8b465ee728b)
Start importing Assets/Prefabs/Map/Graveyard 2/Black Floor.prefab using Guid(6499418a747ce8f46942dc57b4ade8b9) Importer(815301076,1909f56bfc062723c751e8b465ee728b)  -> (artifact id: '5157d03410f4239760b48edef134a626') in 0.154792 seconds
  Import took 0.160426 seconds .

========================================================================
Received Import Request.
  Time since last request: 7.760504 seconds.
  path: Assets/Prefabs/_Rooms/Graveyard/SECRET B.prefab
  artifactKey: Guid(11d2585766a183644ae63bc5e2add307) Importer(815301076,1909f56bfc062723c751e8b465ee728b)
Start importing Assets/Prefabs/_Rooms/Graveyard/SECRET B.prefab using Guid(11d2585766a183644ae63bc5e2add307) Importer(815301076,1909f56bfc062723c751e8b465ee728b)  -> (artifact id: 'e26058b1bb9441640e179f91a38be95c') in 0.164069 seconds
  Import took 0.179276 seconds .

========================================================================
Received Import Request.
  Time since last request: 0.011918 seconds.
  path: Assets/Prefabs/_Rooms/Graveyard/SECRET B.prefab
  artifactKey: Guid(11d2585766a183644ae63bc5e2add307) Importer(815301076,1909f56bfc062723c751e8b465ee728b)
Start importing Assets/Prefabs/_Rooms/Graveyard/SECRET B.prefab using Guid(11d2585766a183644ae63bc5e2add307) Importer(815301076,1909f56bfc062723c751e8b465ee728b)  -> (artifact id: 'e26058b1bb9441640e179f91a38be95c') in 0.111294 seconds
  Import took 0.126024 seconds .

========================================================================
Received Import Request.
  Time since last request: 1.121971 seconds.
  path: Assets/Prefabs/_Rooms/Graveyard/SECRET B.prefab
  artifactKey: Guid(11d2585766a183644ae63bc5e2add307) Importer(815301076,1909f56bfc062723c751e8b465ee728b)
Start importing Assets/Prefabs/_Rooms/Graveyard/SECRET B.prefab using Guid(11d2585766a183644ae63bc5e2add307) Importer(815301076,1909f56bfc062723c751e8b465ee728b)  -> (artifact id: 'dcc65e9f596ae628b38ea4536ba5170d') in 0.110105 seconds
  Import took 0.125231 seconds .

========================================================================
Received Import Request.
  Time since last request: 0.002251 seconds.
  path: Assets/Prefabs/_Rooms/Graveyard/SECRET B.prefab
  artifactKey: Guid(11d2585766a183644ae63bc5e2add307) Importer(815301076,1909f56bfc062723c751e8b465ee728b)
Start importing Assets/Prefabs/_Rooms/Graveyard/SECRET B.prefab using Guid(11d2585766a183644ae63bc5e2add307) Importer(815301076,1909f56bfc062723c751e8b465ee728b)  -> (artifact id: 'dcc65e9f596ae628b38ea4536ba5170d') in 0.116464 seconds
  Import took 0.132182 seconds .

========================================================================
Received Import Request.
  Time since last request: 3.095796 seconds.
  path: Assets/Prefabs/_Rooms/Graveyard/SECRET B.prefab
  artifactKey: Guid(11d2585766a183644ae63bc5e2add307) Importer(815301076,1909f56bfc062723c751e8b465ee728b)
Start importing Assets/Prefabs/_Rooms/Graveyard/SECRET B.prefab using Guid(11d2585766a183644ae63bc5e2add307) Importer(815301076,1909f56bfc062723c751e8b465ee728b)  -> (artifact id: 'f7813625392f3f3c821905782ed54bd6') in 0.105960 seconds
  Import took 0.120077 seconds .

========================================================================
Received Import Request.
  Time since last request: 6.914663 seconds.
  path: Assets/Prefabs/_Rooms/Graveyard/SECRET B.prefab
  artifactKey: Guid(11d2585766a183644ae63bc5e2add307) Importer(815301076,1909f56bfc062723c751e8b465ee728b)
Start importing Assets/Prefabs/_Rooms/Graveyard/SECRET B.prefab using Guid(11d2585766a183644ae63bc5e2add307) Importer(815301076,1909f56bfc062723c751e8b465ee728b)  -> (artifact id: '8d9f69eed9a0bbc5bfe1f10d16e21ed9') in 0.107644 seconds
  Import took 0.121924 seconds .

========================================================================
Received Import Request.
  Time since last request: 13.604441 seconds.
  path: Assets/Prefabs/_Rooms/Graveyard/SECRET L.prefab
  artifactKey: Guid(a217a36dda7e15c4cb6e7dc641490858) Importer(815301076,1909f56bfc062723c751e8b465ee728b)
Start importing Assets/Prefabs/_Rooms/Graveyard/SECRET L.prefab using Guid(a217a36dda7e15c4cb6e7dc641490858) Importer(815301076,1909f56bfc062723c751e8b465ee728b)  -> (artifact id: '5de3ba035ac6dfb5b3f044726a98f1dd') in 0.114013 seconds
  Import took 0.128143 seconds .

========================================================================
Received Import Request.
  Time since last request: 2.286900 seconds.
  path: Assets/Prefabs/_Rooms/Graveyard/SECRET L.prefab
  artifactKey: Guid(a217a36dda7e15c4cb6e7dc641490858) Importer(815301076,1909f56bfc062723c751e8b465ee728b)
Start importing Assets/Prefabs/_Rooms/Graveyard/SECRET L.prefab using Guid(a217a36dda7e15c4cb6e7dc641490858) Importer(815301076,1909f56bfc062723c751e8b465ee728b)  -> (artifact id: '9ebc5ed0c0ec2a35f3c236fd6740e295') in 0.097810 seconds
  Import took 0.111627 seconds .

========================================================================
Received Import Request.
  Time since last request: 4.925232 seconds.
  path: Assets/Prefabs/_Rooms/Graveyard/SECRET L.prefab
  artifactKey: Guid(a217a36dda7e15c4cb6e7dc641490858) Importer(815301076,1909f56bfc062723c751e8b465ee728b)
Start importing Assets/Prefabs/_Rooms/Graveyard/SECRET L.prefab using Guid(a217a36dda7e15c4cb6e7dc641490858) Importer(815301076,1909f56bfc062723c751e8b465ee728b)  -> (artifact id: '442062c21a8d0de69691cd87804f793f') in 0.105121 seconds
  Import took 0.131852 seconds .

========================================================================
Received Import Request.
  Time since last request: 16.172034 seconds.
  path: Assets/Prefabs/_Rooms/Graveyard/SECRET R.prefab
  artifactKey: Guid(459f1cffce984cc4894a3d961ea134a6) Importer(815301076,1909f56bfc062723c751e8b465ee728b)
Start importing Assets/Prefabs/_Rooms/Graveyard/SECRET R.prefab using Guid(459f1cffce984cc4894a3d961ea134a6) Importer(815301076,1909f56bfc062723c751e8b465ee728b)  -> (artifact id: '19206f99ea50566bfe84af8a541a1ef4') in 0.105081 seconds
  Import took 0.119211 seconds .

========================================================================
Received Import Request.
  Time since last request: 1.719801 seconds.
  path: Assets/Prefabs/_Rooms/Graveyard/SECRET R.prefab
  artifactKey: Guid(459f1cffce984cc4894a3d961ea134a6) Importer(815301076,1909f56bfc062723c751e8b465ee728b)
Start importing Assets/Prefabs/_Rooms/Graveyard/SECRET R.prefab using Guid(459f1cffce984cc4894a3d961ea134a6) Importer(815301076,1909f56bfc062723c751e8b465ee728b)  -> (artifact id: '1193cdf4d99d646f5736c5fb6c605153') in 0.108790 seconds
  Import took 0.123381 seconds .

========================================================================
Received Import Request.
  Time since last request: 16.385526 seconds.
  path: Assets/Prefabs/_Rooms/Graveyard/SECRET R.prefab
  artifactKey: Guid(459f1cffce984cc4894a3d961ea134a6) Importer(815301076,1909f56bfc062723c751e8b465ee728b)
Start importing Assets/Prefabs/_Rooms/Graveyard/SECRET R.prefab using Guid(459f1cffce984cc4894a3d961ea134a6) Importer(815301076,1909f56bfc062723c751e8b465ee728b)  -> (artifact id: 'edf8efe11e22165feeb0c2c8a443672c') in 0.098706 seconds
  Import took 0.112868 seconds .

========================================================================
Received Import Request.
  Time since last request: 15.643103 seconds.
  path: Assets/Prefabs/_Rooms/Graveyard/SECRET T.prefab
  artifactKey: Guid(ce183ac107cf20e4b9e2a3767360a8e7) Importer(815301076,1909f56bfc062723c751e8b465ee728b)
Start importing Assets/Prefabs/_Rooms/Graveyard/SECRET T.prefab using Guid(ce183ac107cf20e4b9e2a3767360a8e7) Importer(815301076,1909f56bfc062723c751e8b465ee728b)  -> (artifact id: 'c3a8e09e48f00c6d480524a2f527d9a3') in 0.109383 seconds
  Import took 0.125358 seconds .

========================================================================
Received Import Request.
  Time since last request: 1.895992 seconds.
  path: Assets/Prefabs/_Rooms/Graveyard/SECRET T.prefab
  artifactKey: Guid(ce183ac107cf20e4b9e2a3767360a8e7) Importer(815301076,1909f56bfc062723c751e8b465ee728b)
Start importing Assets/Prefabs/_Rooms/Graveyard/SECRET T.prefab using Guid(ce183ac107cf20e4b9e2a3767360a8e7) Importer(815301076,1909f56bfc062723c751e8b465ee728b)  -> (artifact id: 'fabf950cefdf43ea75dbaf864eb51034') in 0.100712 seconds
  Import took 0.115870 seconds .

========================================================================
Received Import Request.
  Time since last request: 2.703879 seconds.
  path: Assets/Prefabs/_Rooms/Graveyard/SECRET T.prefab
  artifactKey: Guid(ce183ac107cf20e4b9e2a3767360a8e7) Importer(815301076,1909f56bfc062723c751e8b465ee728b)
Start importing Assets/Prefabs/_Rooms/Graveyard/SECRET T.prefab using Guid(ce183ac107cf20e4b9e2a3767360a8e7) Importer(815301076,1909f56bfc062723c751e8b465ee728b)  -> (artifact id: '613b1148ba9a58e7402a4f84e05f2222') in 0.108167 seconds
  Import took 0.122072 seconds .

========================================================================
Received Prepare
Registering precompiled user dll's ...
Registered in 0.001343 seconds.
Begin MonoManager ReloadAssembly
Native extension for WindowsStandalone target not found
Native extension for WebGL target not found
Refreshing native plugins compatible for Editor in 0.75 ms, found 1 plugins.
Preloading 0 native plugins for Editor in 0.00 ms.
Invoked RoslynAnalysisRunner static constructor.
RoslynAnalysisRunner will not be running.
RoslynAnalysisRunner has terminated.
Mono: successfully reloaded assembly
- Completed reload, in  0.881 seconds
Platform modules already initialized, skipping
Shader 'Universal Render Pipeline/Particles/Lit': fallback shader 'Universal Render Pipeline/Particles/SimpleLit' not found
Refreshing native plugins compatible for Editor in 0.73 ms, found 1 plugins.
Preloading 0 native plugins for Editor in 0.00 ms.
Unloading 3178 Unused Serialized files (Serialized files now loaded: 0)
System memory in use before: 218.7 MB.
System memory in use after: 219.0 MB.

Unloading 10 unused Assets to reduce memory usage. Loaded Objects now: 3880.
Total: 3.119600 ms (FindLiveObjects: 0.354500 ms CreateObjectMapping: 0.095900 ms MarkObjects: 2.644800 ms  DeleteObjects: 0.023500 ms)

========================================================================
Received Prepare
Registering precompiled user dll's ...
Registered in 0.001391 seconds.
Begin MonoManager ReloadAssembly
Native extension for WindowsStandalone target not found
Native extension for WebGL target not found
Refreshing native plugins compatible for Editor in 0.73 ms, found 1 plugins.
Preloading 0 native plugins for Editor in 0.00 ms.
Invoked RoslynAnalysisRunner static constructor.
RoslynAnalysisRunner will not be running.
RoslynAnalysisRunner has terminated.
Mono: successfully reloaded assembly
- Completed reload, in  0.865 seconds
Platform modules already initialized, skipping
Shader 'Universal Render Pipeline/Particles/Lit': fallback shader 'Universal Render Pipeline/Particles/SimpleLit' not found
Refreshing native plugins compatible for Editor in 0.78 ms, found 1 plugins.
Preloading 0 native plugins for Editor in 0.00 ms.
Unloading 3178 Unused Serialized files (Serialized files now loaded: 0)
System memory in use before: 218.8 MB.
System memory in use after: 219.0 MB.

Unloading 10 unused Assets to reduce memory usage. Loaded Objects now: 3882.
Total: 2.755100 ms (FindLiveObjects: 0.510400 ms CreateObjectMapping: 0.129400 ms MarkObjects: 2.093800 ms  DeleteObjects: 0.019900 ms)

========================================================================
Received Prepare
Registering precompiled user dll's ...
Registered in 0.002038 seconds.
Begin MonoManager ReloadAssembly
Native extension for WindowsStandalone target not found
Native extension for WebGL target not found
Refreshing native plugins compatible for Editor in 0.72 ms, found 1 plugins.
Preloading 0 native plugins for Editor in 0.00 ms.
Invoked RoslynAnalysisRunner static constructor.
RoslynAnalysisRunner will not be running.
RoslynAnalysisRunner has terminated.
Mono: successfully reloaded assembly
- Completed reload, in  0.854 seconds
Platform modules already initialized, skipping
Shader 'Universal Render Pipeline/Particles/Lit': fallback shader 'Universal Render Pipeline/Particles/SimpleLit' not found
Refreshing native plugins compatible for Editor in 0.76 ms, found 1 plugins.
Preloading 0 native plugins for Editor in 0.00 ms.
Unloading 3178 Unused Serialized files (Serialized files now loaded: 0)
System memory in use before: 218.8 MB.
System memory in use after: 219.0 MB.

Unloading 10 unused Assets to reduce memory usage. Loaded Objects now: 3884.
Total: 2.634300 ms (FindLiveObjects: 0.343000 ms CreateObjectMapping: 0.096000 ms MarkObjects: 2.174700 ms  DeleteObjects: 0.019500 ms)

========================================================================
Received Prepare
Registering precompiled user dll's ...
Registered in 0.001437 seconds.
Begin MonoManager ReloadAssembly
Native extension for WindowsStandalone target not found
Native extension for WebGL target not found
Refreshing native plugins compatible for Editor in 0.75 ms, found 1 plugins.
Preloading 0 native plugins for Editor in 0.00 ms.
Invoked RoslynAnalysisRunner static constructor.
RoslynAnalysisRunner will not be running.
RoslynAnalysisRunner has terminated.
Mono: successfully reloaded assembly
- Completed reload, in  0.854 seconds
Platform modules already initialized, skipping
Shader 'Universal Render Pipeline/Particles/Lit': fallback shader 'Universal Render Pipeline/Particles/SimpleLit' not found
Refreshing native plugins compatible for Editor in 0.83 ms, found 1 plugins.
Preloading 0 native plugins for Editor in 0.00 ms.
Unloading 3178 Unused Serialized files (Serialized files now loaded: 0)
System memory in use before: 218.8 MB.
System memory in use after: 219.0 MB.

Unloading 10 unused Assets to reduce memory usage. Loaded Objects now: 3886.
Total: 3.426000 ms (FindLiveObjects: 0.445700 ms CreateObjectMapping: 0.110900 ms MarkObjects: 2.839700 ms  DeleteObjects: 0.028500 ms)

AssetImportWorkerClient::OnTransportError - code=2 error=End of file
